<!DOCTYPE html>

<html>
  <head>
  <title>TestNG new reports</title>

    <link type="text/css" href="testng-reports.css" rel="stylesheet" />  
    <script type="text/javascript" src="jquery-1.7.1.min.js"></script>
    <script type="text/javascript" src="testng-reports.js"></script>
    <script type="text/javascript" src="https://www.google.com/jsapi"></script>
    <script type='text/javascript'>
      google.load('visualization', '1', {packages:['table']});
      google.setOnLoadCallback(drawTable);
      var suiteTableInitFunctions = new Array();
      var suiteTableData = new Array();
    </script>
    <!--
      <script type="text/javascript" src="jquery-ui/js/jquery-ui-1.8.16.custom.min.js"></script>
     -->
  </head>

  <body>
    <div class="top-banner-root">
      <span class="top-banner-title-font">Test results</span>
      <br/>
      <span class="top-banner-font-1">1 suite</span>
    </div> <!-- top-banner-root -->
    <div class="navigator-root">
      <div class="navigator-suite-header">
        <span>All suites</span>
        <a href="#" class="collapse-all-link" title="Collapse/expand all the suites">
          <img class="collapse-all-icon" src="collapseall.gif">
          </img> <!-- collapse-all-icon -->
        </a> <!-- collapse-all-link -->
      </div> <!-- navigator-suite-header -->
      <div class="suite">
        <div class="rounded-window">
          <div class="suite-header light-rounded-window-top">
            <a href="#" class="navigator-link" panel-name="suite-Default_suite">
              <span class="suite-name border-skipped">Default suite</span>
            </a> <!-- navigator-link -->
          </div> <!-- suite-header light-rounded-window-top -->
          <div class="navigator-suite-content">
            <div class="suite-section-title">
              <span>Info</span>
            </div> <!-- suite-section-title -->
            <div class="suite-section-content">
              <ul>
                <li>
                  <a href="#" class="navigator-link " panel-name="test-xml-Default_suite">
                    <span>C:\Users\T003726\AppData\Local\Temp\testng-eclipse--1071132844\testng-customsuite.xml</span>
                  </a> <!-- navigator-link  -->
                </li>
                <li>
                  <a href="#" class="navigator-link " panel-name="testlist-Default_suite">
                    <span class="test-stats">1 test</span>
                  </a> <!-- navigator-link  -->
                </li>
                <li>
                  <a href="#" class="navigator-link " panel-name="group-Default_suite">
                    <span>0 groups</span>
                  </a> <!-- navigator-link  -->
                </li>
                <li>
                  <a href="#" class="navigator-link " panel-name="times-Default_suite">
                    <span>Times</span>
                  </a> <!-- navigator-link  -->
                </li>
                <li>
                  <a href="#" class="navigator-link " panel-name="reporter-Default_suite">
                    <span>Reporter output</span>
                  </a> <!-- navigator-link  -->
                </li>
                <li>
                  <a href="#" class="navigator-link " panel-name="ignored-methods-Default_suite">
                    <span>Ignored methods</span>
                  </a> <!-- navigator-link  -->
                </li>
                <li>
                  <a href="#" class="navigator-link " panel-name="chronological-Default_suite">
                    <span>Chronological view</span>
                  </a> <!-- navigator-link  -->
                </li>
              </ul>
            </div> <!-- suite-section-content -->
            <div class="result-section">
              <div class="suite-section-title">
                <span>Results</span>
              </div> <!-- suite-section-title -->
              <div class="suite-section-content">
                <ul>
                  <li>
                    <span class="method-stats">11 methods,  10 skipped,  1 passed</span>
                  </li>
                  <li>
                    <span class="method-list-title skipped">Skipped methods</span>
                    <span class="show-or-hide-methods skipped">
                      <a href="#" panel-name="suite-Default_suite" class="hide-methods skipped suite-Default_suite"> (hide)</a> <!-- hide-methods skipped suite-Default_suite -->
                      <a href="#" panel-name="suite-Default_suite" class="show-methods skipped suite-Default_suite"> (show)</a> <!-- show-methods skipped suite-Default_suite -->
                    </span>
                    <div class="method-list-content skipped suite-Default_suite">
                      <span>
                        <img width="3%" src="skipped.png"/>
                        <a href="#" class="method navigator-link" panel-name="suite-Default_suite" title="com.qa.testCases.WholeLifeTest" hash-for-method="WholeLifeApplicationTest(Scn 11, No, OA_Accord_3_5484, OA_Accord_3_5484, Jenifer1, Jones, 01/01/1960, Female, Georgia, Whole ...)">WholeLifeApplicationTest(Scn 11, No, OA_Accord_3_5484, OA_Accord_3_5484, Jenifer1, Jones, 01/01/1960, Female, Georgia, Whole ...)</a> <!-- method navigator-link -->
                      </span>
                      <br/>
                      <span>
                        <img width="3%" src="skipped.png"/>
                        <a href="#" class="method navigator-link" panel-name="suite-Default_suite" title="com.qa.testCases.WholeLifeTest" hash-for-method="WholeLifeApplicationTest(Scn 9, No, OA_Accord_3_5484, OA_Accord_3_5484, Jenifer1, Jones, 01/01/1960, Female, Georgia, Whole L...)">WholeLifeApplicationTest(Scn 9, No, OA_Accord_3_5484, OA_Accord_3_5484, Jenifer1, Jones, 01/01/1960, Female, Georgia, Whole L...)</a> <!-- method navigator-link -->
                      </span>
                      <br/>
                      <span>
                        <img width="3%" src="skipped.png"/>
                        <a href="#" class="method navigator-link" panel-name="suite-Default_suite" title="com.qa.testCases.WholeLifeTest" hash-for-method="WholeLifeApplicationTest(Scn 3, No, OA_Accord_3_5484, OA_Accord_3_5484, Jenifer1, Jones, 01/01/1960, Female, Georgia, Whole L...)">WholeLifeApplicationTest(Scn 3, No, OA_Accord_3_5484, OA_Accord_3_5484, Jenifer1, Jones, 01/01/1960, Female, Georgia, Whole L...)</a> <!-- method navigator-link -->
                      </span>
                      <br/>
                      <span>
                        <img width="3%" src="skipped.png"/>
                        <a href="#" class="method navigator-link" panel-name="suite-Default_suite" title="com.qa.testCases.WholeLifeTest" hash-for-method="WholeLifeApplicationTest(Scn 6, No, OA_Accord_3_5484, OA_Accord_3_5484, Jenifer1, Jones, 01/01/1960, Female, Georgia, Whole L...)">WholeLifeApplicationTest(Scn 6, No, OA_Accord_3_5484, OA_Accord_3_5484, Jenifer1, Jones, 01/01/1960, Female, Georgia, Whole L...)</a> <!-- method navigator-link -->
                      </span>
                      <br/>
                      <span>
                        <img width="3%" src="skipped.png"/>
                        <a href="#" class="method navigator-link" panel-name="suite-Default_suite" title="com.qa.testCases.WholeLifeTest" hash-for-method="WholeLifeApplicationTest(Scn 4, No, OA_Accord_3_5484, OA_Accord_3_5484, Jenifer1, Jones, 01/01/1960, Female, Georgia, Whole L...)">WholeLifeApplicationTest(Scn 4, No, OA_Accord_3_5484, OA_Accord_3_5484, Jenifer1, Jones, 01/01/1960, Female, Georgia, Whole L...)</a> <!-- method navigator-link -->
                      </span>
                      <br/>
                      <span>
                        <img width="3%" src="skipped.png"/>
                        <a href="#" class="method navigator-link" panel-name="suite-Default_suite" title="com.qa.testCases.WholeLifeTest" hash-for-method="WholeLifeApplicationTest(Scn 5, No, OA_Accord_3_5484, OA_Accord_3_5484, Jenifer1, Jones, 01/01/1960, Female, Georgia, Whole L...)">WholeLifeApplicationTest(Scn 5, No, OA_Accord_3_5484, OA_Accord_3_5484, Jenifer1, Jones, 01/01/1960, Female, Georgia, Whole L...)</a> <!-- method navigator-link -->
                      </span>
                      <br/>
                      <span>
                        <img width="3%" src="skipped.png"/>
                        <a href="#" class="method navigator-link" panel-name="suite-Default_suite" title="com.qa.testCases.WholeLifeTest" hash-for-method="WholeLifeApplicationTest(Scn 2, No, OA_Accord_3_5484, OA_Accord_3_5484, Jenifer1, Jones, 01/01/1960, Female, Georgia, Whole L...)">WholeLifeApplicationTest(Scn 2, No, OA_Accord_3_5484, OA_Accord_3_5484, Jenifer1, Jones, 01/01/1960, Female, Georgia, Whole L...)</a> <!-- method navigator-link -->
                      </span>
                      <br/>
                      <span>
                        <img width="3%" src="skipped.png"/>
                        <a href="#" class="method navigator-link" panel-name="suite-Default_suite" title="com.qa.testCases.WholeLifeTest" hash-for-method="WholeLifeApplicationTest(Scn 8, No, OA_Accord_3_5484, OA_Accord_3_5484, Jenifer1, Jones, 01/01/1960, Female, Georgia, Whole L...)">WholeLifeApplicationTest(Scn 8, No, OA_Accord_3_5484, OA_Accord_3_5484, Jenifer1, Jones, 01/01/1960, Female, Georgia, Whole L...)</a> <!-- method navigator-link -->
                      </span>
                      <br/>
                      <span>
                        <img width="3%" src="skipped.png"/>
                        <a href="#" class="method navigator-link" panel-name="suite-Default_suite" title="com.qa.testCases.WholeLifeTest" hash-for-method="WholeLifeApplicationTest(Scn 7, No, OA_Accord_3_5484, OA_Accord_3_5484, Jenifer1, Jones, 01/01/1960, Female, Georgia, Whole L...)">WholeLifeApplicationTest(Scn 7, No, OA_Accord_3_5484, OA_Accord_3_5484, Jenifer1, Jones, 01/01/1960, Female, Georgia, Whole L...)</a> <!-- method navigator-link -->
                      </span>
                      <br/>
                      <span>
                        <img width="3%" src="skipped.png"/>
                        <a href="#" class="method navigator-link" panel-name="suite-Default_suite" title="com.qa.testCases.WholeLifeTest" hash-for-method="WholeLifeApplicationTest(Scn 10, No, OA_Accord_3_5484, OA_Accord_3_5484, Jenifer1, Jones, 01/01/1960, Female, Georgia, Whole ...)">WholeLifeApplicationTest(Scn 10, No, OA_Accord_3_5484, OA_Accord_3_5484, Jenifer1, Jones, 01/01/1960, Female, Georgia, Whole ...)</a> <!-- method navigator-link -->
                      </span>
                      <br/>
                    </div> <!-- method-list-content skipped suite-Default_suite -->
                  </li>
                  <li>
                    <span class="method-list-title passed">Passed methods</span>
                    <span class="show-or-hide-methods passed">
                      <a href="#" panel-name="suite-Default_suite" class="hide-methods passed suite-Default_suite"> (hide)</a> <!-- hide-methods passed suite-Default_suite -->
                      <a href="#" panel-name="suite-Default_suite" class="show-methods passed suite-Default_suite"> (show)</a> <!-- show-methods passed suite-Default_suite -->
                    </span>
                    <div class="method-list-content passed suite-Default_suite">
                      <span>
                        <img width="3%" src="passed.png"/>
                        <a href="#" class="method navigator-link" panel-name="suite-Default_suite" title="com.qa.testCases.WholeLifeTest" hash-for-method="WholeLifeApplicationTest(Scn 1, Yes, OA_Accord_3_5484, OA_Accord_3_5484, Jenifer1, Jones, 01/01/1960, Female, Georgia, Whole ...)">WholeLifeApplicationTest(Scn 1, Yes, OA_Accord_3_5484, OA_Accord_3_5484, Jenifer1, Jones, 01/01/1960, Female, Georgia, Whole ...)</a> <!-- method navigator-link -->
                      </span>
                      <br/>
                    </div> <!-- method-list-content passed suite-Default_suite -->
                  </li>
                </ul>
              </div> <!-- suite-section-content -->
            </div> <!-- result-section -->
          </div> <!-- navigator-suite-content -->
        </div> <!-- rounded-window -->
      </div> <!-- suite -->
    </div> <!-- navigator-root -->
    <div class="wrapper">
      <div class="main-panel-root">
        <div panel-name="suite-Default_suite" class="panel Default_suite">
          <div class="suite-Default_suite-class-skipped">
            <div class="main-panel-header rounded-window-top">
              <img src="skipped.png"/>
              <span class="class-name">com.qa.testCases.WholeLifeTest</span>
            </div> <!-- main-panel-header rounded-window-top -->
            <div class="main-panel-content rounded-window-bottom">
              <div class="method">
                <div class="method-content">
                  <a name="WholeLifeApplicationTest(Scn 11, No, OA_Accord_3_5484, OA_Accord_3_5484, Jenifer1, Jones, 01/01/1960, Female, Georgia, Whole ...)">
                  </a> <!-- WholeLifeApplicationTest(Scn 11, No, OA_Accord_3_5484, OA_Accord_3_5484, Jenifer1, Jones, 01/01/1960, Female, Georgia, Whole ...) -->
                  <span class="method-name">WholeLifeApplicationTest</span>
                  <span class="parameters">(Scn 11, No, OA_Accord_3_5484, OA_Accord_3_5484, Jenifer1, Jones, 01/01/1960, Female, Georgia, Whole Life, Whole Life 95, Yes, Yes, 6.98541236E8, USA, Indiana, Yes, Street, City, 00012-4520, USA, 10.0, 9.632587412E9, Yes, Proposed Insured, Yes, 2356241, Alaska, 12/06/2030, 12000, 2100, 150000, No, Aruba, No, 231546525, 06-Dec-2030, No, na, 06-Dec-2030, 5623214, na, Business, Aunt, Test_First, Test_Last, 7.56339751E8, 12/6/1960, Georgia, Male, Yes, Alaska, 12/6/2030, No, 5, Yes, To Deceased Beneficiary's Child(ren), Other, TestName1, TestLastName1, Male, 987-52-3698, 20, Entity1, CorporateOfficer1, Title1, AL, Other1, Friend, TestName2, TestLastName2, Male, 987-52-3692, 30, Entity2, Other2, Other, TestName3, TestLastName3, Male, 987-52-3693, 10, Entity3, Other3, Aunt, TestName4, TestLastName4, Female, 987-52-3694, 15, Entity4, Other4, Child, TestName5, TestLastName5, Male, 987-52-3695, 25, Entity5, Other5, 50000, 2500, Yes, 1000, 40, Automatic Premium Loan/APL (if available), Other, na, Yes, No, Yes, Yes)</span>
                  <div class="stack-trace"><b>"org.testng.SkipException: Scn 11 is Skipped
	at com.qa.testCases.WholeLifeTest.WholeLifeApplicationTest(WholeLifeTest.java:121)
	at sun.reflect.NativeMethodAccessorImpl.invoke0(Native Method)
	at sun.reflect.NativeMethodAccessorImpl.invoke(Unknown Source)
	at sun.reflect.DelegatingMethodAccessorImpl.invoke(Unknown Source)
	at java.lang.reflect.Method.invoke(Unknown Source)
	at org.testng.internal.MethodInvocationHelper.invokeMethod(MethodInvocationHelper.java:80)
	at org.testng.internal.Invoker.invokeMethod(Invoker.java:715)
	at org.testng.internal.Invoker.invokeTestMethod(Invoker.java:907)
	at org.testng.internal.Invoker.invokeTestMethods(Invoker.java:1237)
	at org.testng.internal.TestMethodWorker.invokeTestMethods(TestMethodWorker.java:127)
	at org.testng.internal.TestMethodWorker.run(TestMethodWorker.java:111)
	at org.testng.TestRunner.privateRun(TestRunner.java:767)
	at org.testng.TestRunner.run(TestRunner.java:617)
	at org.testng.SuiteRunner.runTest(SuiteRunner.java:334)
	at org.testng.SuiteRunner.runSequentially(SuiteRunner.java:329)
	at org.testng.SuiteRunner.privateRun(SuiteRunner.java:291)
	at org.testng.SuiteRunner.run(SuiteRunner.java:240)
	at org.testng.SuiteRunnerWorker.runSuite(SuiteRunnerWorker.java:51)
	at org.testng.SuiteRunnerWorker.run(SuiteRunnerWorker.java:85)
	at org.testng.TestNG.runSuitesSequentially(TestNG.java:1197)
	at org.testng.TestNG.runSuitesLocally(TestNG.java:1122)
	at org.testng.TestNG.run(TestNG.java:1030)
	at org.testng.remote.AbstractRemoteTestNG.run(AbstractRemoteTestNG.java:132)
	at org.testng.remote.RemoteTestNG.initAndRun(RemoteTestNG.java:236)
	at org.testng.remote.RemoteTestNG.main(RemoteTestNG.java:81)
<br/> org.testng.SkipException: Scn 11 is Skipped
	at com.qa.testCases.WholeLifeTest.WholeLifeApplicationTest(WholeLifeTest.java:121)
	at sun.reflect.NativeMethodAccessorImpl.invoke0(Native Method)
	at sun.reflect.NativeMethodAccessorImpl.invoke(Unknown Source)
	at sun.reflect.DelegatingMethodAccessorImpl.invoke(Unknown Source)
	at java.lang.reflect.Method.invoke(Unknown Source)
	at org.testng.internal.MethodInvocationHelper.invokeMethod(MethodInvocationHelper.java:80)
	at org.testng.internal.Invoker.invokeMethod(Invoker.java:715)
	at org.testng.internal.Invoker.invokeTestMethod(Invoker.java:907)
	at org.testng.internal.Invoker.invokeTestMethods(Invoker.java:1237)
	at org.testng.internal.TestMethodWorker.invokeTestMethods(TestMethodWorker.java:127)
	at org.testng.internal.TestMethodWorker.run(TestMethodWorker.java:111)
	at org.testng.TestRunner.privateRun(TestRunner.java:767)
	at org.testng.TestRunner.run(TestRunner.java:617)
	at org.testng.SuiteRunner.runTest(SuiteRunner.java:334)
	at org.testng.SuiteRunner.runSequentially(SuiteRunner.java:329)
	at org.testng.SuiteRunner.privateRun(SuiteRunner.java:291)
	at org.testng.SuiteRunner.run(SuiteRunner.java:240)
	at org.testng.SuiteRunnerWorker.runSuite(SuiteRunnerWorker.java:51)
	at org.testng.SuiteRunnerWorker.run(SuiteRunnerWorker.java:85)
	at org.testng.TestNG.runSuitesSequentially(TestNG.java:1197)
	at org.testng.TestNG.runSuitesLocally(TestNG.java:1122)
	at org.testng.TestNG.run(TestNG.java:1030)
	at org.testng.remote.AbstractRemoteTestNG.run(AbstractRemoteTestNG.java:132)
	at org.testng.remote.RemoteTestNG.initAndRun(RemoteTestNG.java:236)
	at org.testng.remote.RemoteTestNG.main(RemoteTestNG.java:81)
"</b><br>com.qa.testCases.WholeLifeTest.WholeLifeApplicationTest(WholeLifeTest.java:121)<br>sun.reflect.NativeMethodAccessorImpl.invoke0(Native Method)<br>sun.reflect.NativeMethodAccessorImpl.invoke(Unknown Source)<br>sun.reflect.DelegatingMethodAccessorImpl.invoke(Unknown Source)<br>java.lang.reflect.Method.invoke(Unknown Source)<br>org.testng.internal.MethodInvocationHelper.invokeMethod(MethodInvocationHelper.java:80)<br>org.testng.internal.Invoker.invokeMethod(Invoker.java:715)<br>org.testng.internal.Invoker.invokeTestMethod(Invoker.java:907)<br>org.testng.internal.Invoker.invokeTestMethods(Invoker.java:1237)<br>org.testng.internal.TestMethodWorker.invokeTestMethods(TestMethodWorker.java:127)<br>org.testng.internal.TestMethodWorker.run(TestMethodWorker.java:111)<br>org.testng.TestRunner.privateRun(TestRunner.java:767)<br>org.testng.TestRunner.run(TestRunner.java:617)<br>org.testng.SuiteRunner.runTest(SuiteRunner.java:334)<br>org.testng.SuiteRunner.runSequentially(SuiteRunner.java:329)<br>org.testng.SuiteRunner.privateRun(SuiteRunner.java:291)<br>org.testng.SuiteRunner.run(SuiteRunner.java:240)<br>org.testng.SuiteRunnerWorker.runSuite(SuiteRunnerWorker.java:51)<br>org.testng.SuiteRunnerWorker.run(SuiteRunnerWorker.java:85)<br>org.testng.TestNG.runSuitesSequentially(TestNG.java:1197)<br>org.testng.TestNG.runSuitesLocally(TestNG.java:1122)<br>org.testng.TestNG.run(TestNG.java:1030)<br>org.testng.remote.AbstractRemoteTestNG.run(AbstractRemoteTestNG.java:132)<br>org.testng.remote.RemoteTestNG.initAndRun(RemoteTestNG.java:236)<br>org.testng.remote.RemoteTestNG.main(RemoteTestNG.java:81)<br>
</div> <!-- stack-trace -->
                </div> <!-- method-content -->
              </div> <!-- method -->
              <div class="method">
                <div class="method-content">
                  <a name="WholeLifeApplicationTest(Scn 9, No, OA_Accord_3_5484, OA_Accord_3_5484, Jenifer1, Jones, 01/01/1960, Female, Georgia, Whole L...)">
                  </a> <!-- WholeLifeApplicationTest(Scn 9, No, OA_Accord_3_5484, OA_Accord_3_5484, Jenifer1, Jones, 01/01/1960, Female, Georgia, Whole L...) -->
                  <span class="method-name">WholeLifeApplicationTest</span>
                  <span class="parameters">(Scn 9, No, OA_Accord_3_5484, OA_Accord_3_5484, Jenifer1, Jones, 01/01/1960, Female, Georgia, Whole Life, Whole Life 95, No, Yes, 6.98541236E8, USA, Indiana, Yes, Street, City, 00012-4520, USA, 10.0, 9.632587412E9, No, Other, Yes, 2356241, Alaska, 12/06/2030, 12000, 2100, 150000, No, Aruba, No, 231546525, 06-Dec-2030, No, na, 06-Dec-2030, 5623214, na, Business, Aunt, Test_First, Test_Last, 7.56339751E8, 12/6/1960, Georgia, Male, Yes, Alaska, 12/6/2030, No, 5, Yes, To Deceased Beneficiary's Child(ren), Other, TestName1, TestLastName1, Male, 987-52-3698, 20, Entity1, CorporateOfficer1, Title1, AL, Other1, Friend, TestName2, TestLastName2, Male, 987-52-3692, 30, Entity2, Other2, Other, TestName3, TestLastName3, Male, 987-52-3693, 10, Entity3, Other3, Aunt, TestName4, TestLastName4, Female, 987-52-3694, 15, Entity4, Other4, Child, TestName5, TestLastName5, Male, 987-52-3695, 25, Entity5, Other5, 50000, 2500, Yes, 1000, 40, Automatic Premium Loan/APL (if available), Other, na, Yes, No, Yes, Yes)</span>
                  <div class="stack-trace"><b>"org.testng.SkipException: Scn 9 is Skipped
	at com.qa.testCases.WholeLifeTest.WholeLifeApplicationTest(WholeLifeTest.java:121)
	at sun.reflect.NativeMethodAccessorImpl.invoke0(Native Method)
	at sun.reflect.NativeMethodAccessorImpl.invoke(Unknown Source)
	at sun.reflect.DelegatingMethodAccessorImpl.invoke(Unknown Source)
	at java.lang.reflect.Method.invoke(Unknown Source)
	at org.testng.internal.MethodInvocationHelper.invokeMethod(MethodInvocationHelper.java:80)
	at org.testng.internal.Invoker.invokeMethod(Invoker.java:715)
	at org.testng.internal.Invoker.invokeTestMethod(Invoker.java:907)
	at org.testng.internal.Invoker.invokeTestMethods(Invoker.java:1237)
	at org.testng.internal.TestMethodWorker.invokeTestMethods(TestMethodWorker.java:127)
	at org.testng.internal.TestMethodWorker.run(TestMethodWorker.java:111)
	at org.testng.TestRunner.privateRun(TestRunner.java:767)
	at org.testng.TestRunner.run(TestRunner.java:617)
	at org.testng.SuiteRunner.runTest(SuiteRunner.java:334)
	at org.testng.SuiteRunner.runSequentially(SuiteRunner.java:329)
	at org.testng.SuiteRunner.privateRun(SuiteRunner.java:291)
	at org.testng.SuiteRunner.run(SuiteRunner.java:240)
	at org.testng.SuiteRunnerWorker.runSuite(SuiteRunnerWorker.java:51)
	at org.testng.SuiteRunnerWorker.run(SuiteRunnerWorker.java:85)
	at org.testng.TestNG.runSuitesSequentially(TestNG.java:1197)
	at org.testng.TestNG.runSuitesLocally(TestNG.java:1122)
	at org.testng.TestNG.run(TestNG.java:1030)
	at org.testng.remote.AbstractRemoteTestNG.run(AbstractRemoteTestNG.java:132)
	at org.testng.remote.RemoteTestNG.initAndRun(RemoteTestNG.java:236)
	at org.testng.remote.RemoteTestNG.main(RemoteTestNG.java:81)
<br/> org.testng.SkipException: Scn 9 is Skipped
	at com.qa.testCases.WholeLifeTest.WholeLifeApplicationTest(WholeLifeTest.java:121)
	at sun.reflect.NativeMethodAccessorImpl.invoke0(Native Method)
	at sun.reflect.NativeMethodAccessorImpl.invoke(Unknown Source)
	at sun.reflect.DelegatingMethodAccessorImpl.invoke(Unknown Source)
	at java.lang.reflect.Method.invoke(Unknown Source)
	at org.testng.internal.MethodInvocationHelper.invokeMethod(MethodInvocationHelper.java:80)
	at org.testng.internal.Invoker.invokeMethod(Invoker.java:715)
	at org.testng.internal.Invoker.invokeTestMethod(Invoker.java:907)
	at org.testng.internal.Invoker.invokeTestMethods(Invoker.java:1237)
	at org.testng.internal.TestMethodWorker.invokeTestMethods(TestMethodWorker.java:127)
	at org.testng.internal.TestMethodWorker.run(TestMethodWorker.java:111)
	at org.testng.TestRunner.privateRun(TestRunner.java:767)
	at org.testng.TestRunner.run(TestRunner.java:617)
	at org.testng.SuiteRunner.runTest(SuiteRunner.java:334)
	at org.testng.SuiteRunner.runSequentially(SuiteRunner.java:329)
	at org.testng.SuiteRunner.privateRun(SuiteRunner.java:291)
	at org.testng.SuiteRunner.run(SuiteRunner.java:240)
	at org.testng.SuiteRunnerWorker.runSuite(SuiteRunnerWorker.java:51)
	at org.testng.SuiteRunnerWorker.run(SuiteRunnerWorker.java:85)
	at org.testng.TestNG.runSuitesSequentially(TestNG.java:1197)
	at org.testng.TestNG.runSuitesLocally(TestNG.java:1122)
	at org.testng.TestNG.run(TestNG.java:1030)
	at org.testng.remote.AbstractRemoteTestNG.run(AbstractRemoteTestNG.java:132)
	at org.testng.remote.RemoteTestNG.initAndRun(RemoteTestNG.java:236)
	at org.testng.remote.RemoteTestNG.main(RemoteTestNG.java:81)
"</b><br>com.qa.testCases.WholeLifeTest.WholeLifeApplicationTest(WholeLifeTest.java:121)<br>sun.reflect.NativeMethodAccessorImpl.invoke0(Native Method)<br>sun.reflect.NativeMethodAccessorImpl.invoke(Unknown Source)<br>sun.reflect.DelegatingMethodAccessorImpl.invoke(Unknown Source)<br>java.lang.reflect.Method.invoke(Unknown Source)<br>org.testng.internal.MethodInvocationHelper.invokeMethod(MethodInvocationHelper.java:80)<br>org.testng.internal.Invoker.invokeMethod(Invoker.java:715)<br>org.testng.internal.Invoker.invokeTestMethod(Invoker.java:907)<br>org.testng.internal.Invoker.invokeTestMethods(Invoker.java:1237)<br>org.testng.internal.TestMethodWorker.invokeTestMethods(TestMethodWorker.java:127)<br>org.testng.internal.TestMethodWorker.run(TestMethodWorker.java:111)<br>org.testng.TestRunner.privateRun(TestRunner.java:767)<br>org.testng.TestRunner.run(TestRunner.java:617)<br>org.testng.SuiteRunner.runTest(SuiteRunner.java:334)<br>org.testng.SuiteRunner.runSequentially(SuiteRunner.java:329)<br>org.testng.SuiteRunner.privateRun(SuiteRunner.java:291)<br>org.testng.SuiteRunner.run(SuiteRunner.java:240)<br>org.testng.SuiteRunnerWorker.runSuite(SuiteRunnerWorker.java:51)<br>org.testng.SuiteRunnerWorker.run(SuiteRunnerWorker.java:85)<br>org.testng.TestNG.runSuitesSequentially(TestNG.java:1197)<br>org.testng.TestNG.runSuitesLocally(TestNG.java:1122)<br>org.testng.TestNG.run(TestNG.java:1030)<br>org.testng.remote.AbstractRemoteTestNG.run(AbstractRemoteTestNG.java:132)<br>org.testng.remote.RemoteTestNG.initAndRun(RemoteTestNG.java:236)<br>org.testng.remote.RemoteTestNG.main(RemoteTestNG.java:81)<br>
</div> <!-- stack-trace -->
                </div> <!-- method-content -->
              </div> <!-- method -->
              <div class="method">
                <div class="method-content">
                  <a name="WholeLifeApplicationTest(Scn 3, No, OA_Accord_3_5484, OA_Accord_3_5484, Jenifer1, Jones, 01/01/1960, Female, Georgia, Whole L...)">
                  </a> <!-- WholeLifeApplicationTest(Scn 3, No, OA_Accord_3_5484, OA_Accord_3_5484, Jenifer1, Jones, 01/01/1960, Female, Georgia, Whole L...) -->
                  <span class="method-name">WholeLifeApplicationTest</span>
                  <span class="parameters">(Scn 3, No, OA_Accord_3_5484, OA_Accord_3_5484, Jenifer1, Jones, 01/01/1960, Female, Georgia, Whole Life, Whole Life 95, No, Yes, 6.98541236E8, USA, Indiana, Yes, Street, City, 00012-4520, USA, 10.0, 9.632587412E9, No, Proposed Insured, Yes, 2356241, Alaska, 12/06/2030, 12000, 2100, 150000, No, Aruba, No, 231546525, 06-Dec-2030, No, na, 06-Dec-2030, 5623214, na, Individual, Aunt, Test_First, Test_Last, 7.56339751E8, 12/6/1960, Georgia, Male, Yes, Alaska, 12/6/2030, No, 5, Yes, To Deceased Beneficiary's Child(ren), Other, TestName1, TestLastName1, Male, 987-52-3698, 20, Entity1, CorporateOfficer1, Title1, AL, Other1, Friend, TestName2, TestLastName2, Male, 987-52-3692, 30, Entity2, Other2, Other, TestName3, TestLastName3, Male, 987-52-3693, 10, Entity3, Other3, Aunt, TestName4, TestLastName4, Female, 987-52-3694, 15, Entity4, Other4, Child, TestName5, TestLastName5, Male, 987-52-3695, 25, Entity5, Other5, 50000, 2500, Yes, 1000, 40, Automatic Premium Loan/APL (if available), Other, na, Yes, No, Yes, Yes)</span>
                  <div class="stack-trace"><b>"org.testng.SkipException: Scn 3 is Skipped
	at com.qa.testCases.WholeLifeTest.WholeLifeApplicationTest(WholeLifeTest.java:121)
	at sun.reflect.NativeMethodAccessorImpl.invoke0(Native Method)
	at sun.reflect.NativeMethodAccessorImpl.invoke(Unknown Source)
	at sun.reflect.DelegatingMethodAccessorImpl.invoke(Unknown Source)
	at java.lang.reflect.Method.invoke(Unknown Source)
	at org.testng.internal.MethodInvocationHelper.invokeMethod(MethodInvocationHelper.java:80)
	at org.testng.internal.Invoker.invokeMethod(Invoker.java:715)
	at org.testng.internal.Invoker.invokeTestMethod(Invoker.java:907)
	at org.testng.internal.Invoker.invokeTestMethods(Invoker.java:1237)
	at org.testng.internal.TestMethodWorker.invokeTestMethods(TestMethodWorker.java:127)
	at org.testng.internal.TestMethodWorker.run(TestMethodWorker.java:111)
	at org.testng.TestRunner.privateRun(TestRunner.java:767)
	at org.testng.TestRunner.run(TestRunner.java:617)
	at org.testng.SuiteRunner.runTest(SuiteRunner.java:334)
	at org.testng.SuiteRunner.runSequentially(SuiteRunner.java:329)
	at org.testng.SuiteRunner.privateRun(SuiteRunner.java:291)
	at org.testng.SuiteRunner.run(SuiteRunner.java:240)
	at org.testng.SuiteRunnerWorker.runSuite(SuiteRunnerWorker.java:51)
	at org.testng.SuiteRunnerWorker.run(SuiteRunnerWorker.java:85)
	at org.testng.TestNG.runSuitesSequentially(TestNG.java:1197)
	at org.testng.TestNG.runSuitesLocally(TestNG.java:1122)
	at org.testng.TestNG.run(TestNG.java:1030)
	at org.testng.remote.AbstractRemoteTestNG.run(AbstractRemoteTestNG.java:132)
	at org.testng.remote.RemoteTestNG.initAndRun(RemoteTestNG.java:236)
	at org.testng.remote.RemoteTestNG.main(RemoteTestNG.java:81)
<br/> org.testng.SkipException: Scn 3 is Skipped
	at com.qa.testCases.WholeLifeTest.WholeLifeApplicationTest(WholeLifeTest.java:121)
	at sun.reflect.NativeMethodAccessorImpl.invoke0(Native Method)
	at sun.reflect.NativeMethodAccessorImpl.invoke(Unknown Source)
	at sun.reflect.DelegatingMethodAccessorImpl.invoke(Unknown Source)
	at java.lang.reflect.Method.invoke(Unknown Source)
	at org.testng.internal.MethodInvocationHelper.invokeMethod(MethodInvocationHelper.java:80)
	at org.testng.internal.Invoker.invokeMethod(Invoker.java:715)
	at org.testng.internal.Invoker.invokeTestMethod(Invoker.java:907)
	at org.testng.internal.Invoker.invokeTestMethods(Invoker.java:1237)
	at org.testng.internal.TestMethodWorker.invokeTestMethods(TestMethodWorker.java:127)
	at org.testng.internal.TestMethodWorker.run(TestMethodWorker.java:111)
	at org.testng.TestRunner.privateRun(TestRunner.java:767)
	at org.testng.TestRunner.run(TestRunner.java:617)
	at org.testng.SuiteRunner.runTest(SuiteRunner.java:334)
	at org.testng.SuiteRunner.runSequentially(SuiteRunner.java:329)
	at org.testng.SuiteRunner.privateRun(SuiteRunner.java:291)
	at org.testng.SuiteRunner.run(SuiteRunner.java:240)
	at org.testng.SuiteRunnerWorker.runSuite(SuiteRunnerWorker.java:51)
	at org.testng.SuiteRunnerWorker.run(SuiteRunnerWorker.java:85)
	at org.testng.TestNG.runSuitesSequentially(TestNG.java:1197)
	at org.testng.TestNG.runSuitesLocally(TestNG.java:1122)
	at org.testng.TestNG.run(TestNG.java:1030)
	at org.testng.remote.AbstractRemoteTestNG.run(AbstractRemoteTestNG.java:132)
	at org.testng.remote.RemoteTestNG.initAndRun(RemoteTestNG.java:236)
	at org.testng.remote.RemoteTestNG.main(RemoteTestNG.java:81)
"</b><br>com.qa.testCases.WholeLifeTest.WholeLifeApplicationTest(WholeLifeTest.java:121)<br>sun.reflect.NativeMethodAccessorImpl.invoke0(Native Method)<br>sun.reflect.NativeMethodAccessorImpl.invoke(Unknown Source)<br>sun.reflect.DelegatingMethodAccessorImpl.invoke(Unknown Source)<br>java.lang.reflect.Method.invoke(Unknown Source)<br>org.testng.internal.MethodInvocationHelper.invokeMethod(MethodInvocationHelper.java:80)<br>org.testng.internal.Invoker.invokeMethod(Invoker.java:715)<br>org.testng.internal.Invoker.invokeTestMethod(Invoker.java:907)<br>org.testng.internal.Invoker.invokeTestMethods(Invoker.java:1237)<br>org.testng.internal.TestMethodWorker.invokeTestMethods(TestMethodWorker.java:127)<br>org.testng.internal.TestMethodWorker.run(TestMethodWorker.java:111)<br>org.testng.TestRunner.privateRun(TestRunner.java:767)<br>org.testng.TestRunner.run(TestRunner.java:617)<br>org.testng.SuiteRunner.runTest(SuiteRunner.java:334)<br>org.testng.SuiteRunner.runSequentially(SuiteRunner.java:329)<br>org.testng.SuiteRunner.privateRun(SuiteRunner.java:291)<br>org.testng.SuiteRunner.run(SuiteRunner.java:240)<br>org.testng.SuiteRunnerWorker.runSuite(SuiteRunnerWorker.java:51)<br>org.testng.SuiteRunnerWorker.run(SuiteRunnerWorker.java:85)<br>org.testng.TestNG.runSuitesSequentially(TestNG.java:1197)<br>org.testng.TestNG.runSuitesLocally(TestNG.java:1122)<br>org.testng.TestNG.run(TestNG.java:1030)<br>org.testng.remote.AbstractRemoteTestNG.run(AbstractRemoteTestNG.java:132)<br>org.testng.remote.RemoteTestNG.initAndRun(RemoteTestNG.java:236)<br>org.testng.remote.RemoteTestNG.main(RemoteTestNG.java:81)<br>
</div> <!-- stack-trace -->
                </div> <!-- method-content -->
              </div> <!-- method -->
              <div class="method">
                <div class="method-content">
                  <a name="WholeLifeApplicationTest(Scn 6, No, OA_Accord_3_5484, OA_Accord_3_5484, Jenifer1, Jones, 01/01/1960, Female, Georgia, Whole L...)">
                  </a> <!-- WholeLifeApplicationTest(Scn 6, No, OA_Accord_3_5484, OA_Accord_3_5484, Jenifer1, Jones, 01/01/1960, Female, Georgia, Whole L...) -->
                  <span class="method-name">WholeLifeApplicationTest</span>
                  <span class="parameters">(Scn 6, No, OA_Accord_3_5484, OA_Accord_3_5484, Jenifer1, Jones, 01/01/1960, Female, Georgia, Whole Life, Whole Life 95, No, Yes, 6.98541236E8, USA, Indiana, Yes, Street, City, 00012-4520, USA, 10.0, 9.632587412E9, No, Proposed Insured, Yes, 2356241, Alaska, 12/06/2030, 12000, 2100, 150000, No, Aruba, No, 231546525, 06-Dec-2030, No, na, 06-Dec-2030, 5623214, na, Qualified Plan, Aunt, Test_First, Test_Last, 7.56339751E8, 12/6/1960, Georgia, Male, Yes, Alaska, 12/6/2030, No, 5, Yes, To Deceased Beneficiary's Child(ren), Other, TestName1, TestLastName1, Male, 987-52-3698, 20, Entity1, CorporateOfficer1, Title1, AL, Other1, Friend, TestName2, TestLastName2, Male, 987-52-3692, 30, Entity2, Other2, Other, TestName3, TestLastName3, Male, 987-52-3693, 10, Entity3, Other3, Aunt, TestName4, TestLastName4, Female, 987-52-3694, 15, Entity4, Other4, Child, TestName5, TestLastName5, Male, 987-52-3695, 25, Entity5, Other5, 50000, 2500, Yes, 1000, 40, Automatic Premium Loan/APL (if available), Other, na, Yes, No, Yes, Yes)</span>
                  <div class="stack-trace"><b>"org.testng.SkipException: Scn 6 is Skipped
	at com.qa.testCases.WholeLifeTest.WholeLifeApplicationTest(WholeLifeTest.java:121)
	at sun.reflect.NativeMethodAccessorImpl.invoke0(Native Method)
	at sun.reflect.NativeMethodAccessorImpl.invoke(Unknown Source)
	at sun.reflect.DelegatingMethodAccessorImpl.invoke(Unknown Source)
	at java.lang.reflect.Method.invoke(Unknown Source)
	at org.testng.internal.MethodInvocationHelper.invokeMethod(MethodInvocationHelper.java:80)
	at org.testng.internal.Invoker.invokeMethod(Invoker.java:715)
	at org.testng.internal.Invoker.invokeTestMethod(Invoker.java:907)
	at org.testng.internal.Invoker.invokeTestMethods(Invoker.java:1237)
	at org.testng.internal.TestMethodWorker.invokeTestMethods(TestMethodWorker.java:127)
	at org.testng.internal.TestMethodWorker.run(TestMethodWorker.java:111)
	at org.testng.TestRunner.privateRun(TestRunner.java:767)
	at org.testng.TestRunner.run(TestRunner.java:617)
	at org.testng.SuiteRunner.runTest(SuiteRunner.java:334)
	at org.testng.SuiteRunner.runSequentially(SuiteRunner.java:329)
	at org.testng.SuiteRunner.privateRun(SuiteRunner.java:291)
	at org.testng.SuiteRunner.run(SuiteRunner.java:240)
	at org.testng.SuiteRunnerWorker.runSuite(SuiteRunnerWorker.java:51)
	at org.testng.SuiteRunnerWorker.run(SuiteRunnerWorker.java:85)
	at org.testng.TestNG.runSuitesSequentially(TestNG.java:1197)
	at org.testng.TestNG.runSuitesLocally(TestNG.java:1122)
	at org.testng.TestNG.run(TestNG.java:1030)
	at org.testng.remote.AbstractRemoteTestNG.run(AbstractRemoteTestNG.java:132)
	at org.testng.remote.RemoteTestNG.initAndRun(RemoteTestNG.java:236)
	at org.testng.remote.RemoteTestNG.main(RemoteTestNG.java:81)
<br/> org.testng.SkipException: Scn 6 is Skipped
	at com.qa.testCases.WholeLifeTest.WholeLifeApplicationTest(WholeLifeTest.java:121)
	at sun.reflect.NativeMethodAccessorImpl.invoke0(Native Method)
	at sun.reflect.NativeMethodAccessorImpl.invoke(Unknown Source)
	at sun.reflect.DelegatingMethodAccessorImpl.invoke(Unknown Source)
	at java.lang.reflect.Method.invoke(Unknown Source)
	at org.testng.internal.MethodInvocationHelper.invokeMethod(MethodInvocationHelper.java:80)
	at org.testng.internal.Invoker.invokeMethod(Invoker.java:715)
	at org.testng.internal.Invoker.invokeTestMethod(Invoker.java:907)
	at org.testng.internal.Invoker.invokeTestMethods(Invoker.java:1237)
	at org.testng.internal.TestMethodWorker.invokeTestMethods(TestMethodWorker.java:127)
	at org.testng.internal.TestMethodWorker.run(TestMethodWorker.java:111)
	at org.testng.TestRunner.privateRun(TestRunner.java:767)
	at org.testng.TestRunner.run(TestRunner.java:617)
	at org.testng.SuiteRunner.runTest(SuiteRunner.java:334)
	at org.testng.SuiteRunner.runSequentially(SuiteRunner.java:329)
	at org.testng.SuiteRunner.privateRun(SuiteRunner.java:291)
	at org.testng.SuiteRunner.run(SuiteRunner.java:240)
	at org.testng.SuiteRunnerWorker.runSuite(SuiteRunnerWorker.java:51)
	at org.testng.SuiteRunnerWorker.run(SuiteRunnerWorker.java:85)
	at org.testng.TestNG.runSuitesSequentially(TestNG.java:1197)
	at org.testng.TestNG.runSuitesLocally(TestNG.java:1122)
	at org.testng.TestNG.run(TestNG.java:1030)
	at org.testng.remote.AbstractRemoteTestNG.run(AbstractRemoteTestNG.java:132)
	at org.testng.remote.RemoteTestNG.initAndRun(RemoteTestNG.java:236)
	at org.testng.remote.RemoteTestNG.main(RemoteTestNG.java:81)
"</b><br>com.qa.testCases.WholeLifeTest.WholeLifeApplicationTest(WholeLifeTest.java:121)<br>sun.reflect.NativeMethodAccessorImpl.invoke0(Native Method)<br>sun.reflect.NativeMethodAccessorImpl.invoke(Unknown Source)<br>sun.reflect.DelegatingMethodAccessorImpl.invoke(Unknown Source)<br>java.lang.reflect.Method.invoke(Unknown Source)<br>org.testng.internal.MethodInvocationHelper.invokeMethod(MethodInvocationHelper.java:80)<br>org.testng.internal.Invoker.invokeMethod(Invoker.java:715)<br>org.testng.internal.Invoker.invokeTestMethod(Invoker.java:907)<br>org.testng.internal.Invoker.invokeTestMethods(Invoker.java:1237)<br>org.testng.internal.TestMethodWorker.invokeTestMethods(TestMethodWorker.java:127)<br>org.testng.internal.TestMethodWorker.run(TestMethodWorker.java:111)<br>org.testng.TestRunner.privateRun(TestRunner.java:767)<br>org.testng.TestRunner.run(TestRunner.java:617)<br>org.testng.SuiteRunner.runTest(SuiteRunner.java:334)<br>org.testng.SuiteRunner.runSequentially(SuiteRunner.java:329)<br>org.testng.SuiteRunner.privateRun(SuiteRunner.java:291)<br>org.testng.SuiteRunner.run(SuiteRunner.java:240)<br>org.testng.SuiteRunnerWorker.runSuite(SuiteRunnerWorker.java:51)<br>org.testng.SuiteRunnerWorker.run(SuiteRunnerWorker.java:85)<br>org.testng.TestNG.runSuitesSequentially(TestNG.java:1197)<br>org.testng.TestNG.runSuitesLocally(TestNG.java:1122)<br>org.testng.TestNG.run(TestNG.java:1030)<br>org.testng.remote.AbstractRemoteTestNG.run(AbstractRemoteTestNG.java:132)<br>org.testng.remote.RemoteTestNG.initAndRun(RemoteTestNG.java:236)<br>org.testng.remote.RemoteTestNG.main(RemoteTestNG.java:81)<br>
</div> <!-- stack-trace -->
                </div> <!-- method-content -->
              </div> <!-- method -->
              <div class="method">
                <div class="method-content">
                  <a name="WholeLifeApplicationTest(Scn 4, No, OA_Accord_3_5484, OA_Accord_3_5484, Jenifer1, Jones, 01/01/1960, Female, Georgia, Whole L...)">
                  </a> <!-- WholeLifeApplicationTest(Scn 4, No, OA_Accord_3_5484, OA_Accord_3_5484, Jenifer1, Jones, 01/01/1960, Female, Georgia, Whole L...) -->
                  <span class="method-name">WholeLifeApplicationTest</span>
                  <span class="parameters">(Scn 4, No, OA_Accord_3_5484, OA_Accord_3_5484, Jenifer1, Jones, 01/01/1960, Female, Georgia, Whole Life, Whole Life 95, No, Yes, 6.98541236E8, USA, Indiana, Yes, Street, City, 00012-4520, USA, 10.0, 9.632587412E9, No, Proposed Insured, Yes, 2356241, Alaska, 12/06/2030, 12000, 2100, 150000, No, Aruba, No, 231546525, 06-Dec-2030, No, na, 06-Dec-2030, 5623214, na, Business, Aunt, Test_First, Test_Last, 7.56339751E8, 12/6/1960, Georgia, Male, Yes, Alaska, 12/6/2030, No, 5, Yes, To Deceased Beneficiary's Child(ren), Other, TestName1, TestLastName1, Male, 987-52-3698, 20, Entity1, CorporateOfficer1, Title1, AL, Other1, Friend, TestName2, TestLastName2, Male, 987-52-3692, 30, Entity2, Other2, Other, TestName3, TestLastName3, Male, 987-52-3693, 10, Entity3, Other3, Aunt, TestName4, TestLastName4, Female, 987-52-3694, 15, Entity4, Other4, Child, TestName5, TestLastName5, Male, 987-52-3695, 25, Entity5, Other5, 50000, 2500, Yes, 1000, 40, Automatic Premium Loan/APL (if available), Other, na, Yes, No, Yes, Yes)</span>
                  <div class="stack-trace"><b>"org.testng.SkipException: Scn 4 is Skipped
	at com.qa.testCases.WholeLifeTest.WholeLifeApplicationTest(WholeLifeTest.java:121)
	at sun.reflect.NativeMethodAccessorImpl.invoke0(Native Method)
	at sun.reflect.NativeMethodAccessorImpl.invoke(Unknown Source)
	at sun.reflect.DelegatingMethodAccessorImpl.invoke(Unknown Source)
	at java.lang.reflect.Method.invoke(Unknown Source)
	at org.testng.internal.MethodInvocationHelper.invokeMethod(MethodInvocationHelper.java:80)
	at org.testng.internal.Invoker.invokeMethod(Invoker.java:715)
	at org.testng.internal.Invoker.invokeTestMethod(Invoker.java:907)
	at org.testng.internal.Invoker.invokeTestMethods(Invoker.java:1237)
	at org.testng.internal.TestMethodWorker.invokeTestMethods(TestMethodWorker.java:127)
	at org.testng.internal.TestMethodWorker.run(TestMethodWorker.java:111)
	at org.testng.TestRunner.privateRun(TestRunner.java:767)
	at org.testng.TestRunner.run(TestRunner.java:617)
	at org.testng.SuiteRunner.runTest(SuiteRunner.java:334)
	at org.testng.SuiteRunner.runSequentially(SuiteRunner.java:329)
	at org.testng.SuiteRunner.privateRun(SuiteRunner.java:291)
	at org.testng.SuiteRunner.run(SuiteRunner.java:240)
	at org.testng.SuiteRunnerWorker.runSuite(SuiteRunnerWorker.java:51)
	at org.testng.SuiteRunnerWorker.run(SuiteRunnerWorker.java:85)
	at org.testng.TestNG.runSuitesSequentially(TestNG.java:1197)
	at org.testng.TestNG.runSuitesLocally(TestNG.java:1122)
	at org.testng.TestNG.run(TestNG.java:1030)
	at org.testng.remote.AbstractRemoteTestNG.run(AbstractRemoteTestNG.java:132)
	at org.testng.remote.RemoteTestNG.initAndRun(RemoteTestNG.java:236)
	at org.testng.remote.RemoteTestNG.main(RemoteTestNG.java:81)
<br/> org.testng.SkipException: Scn 4 is Skipped
	at com.qa.testCases.WholeLifeTest.WholeLifeApplicationTest(WholeLifeTest.java:121)
	at sun.reflect.NativeMethodAccessorImpl.invoke0(Native Method)
	at sun.reflect.NativeMethodAccessorImpl.invoke(Unknown Source)
	at sun.reflect.DelegatingMethodAccessorImpl.invoke(Unknown Source)
	at java.lang.reflect.Method.invoke(Unknown Source)
	at org.testng.internal.MethodInvocationHelper.invokeMethod(MethodInvocationHelper.java:80)
	at org.testng.internal.Invoker.invokeMethod(Invoker.java:715)
	at org.testng.internal.Invoker.invokeTestMethod(Invoker.java:907)
	at org.testng.internal.Invoker.invokeTestMethods(Invoker.java:1237)
	at org.testng.internal.TestMethodWorker.invokeTestMethods(TestMethodWorker.java:127)
	at org.testng.internal.TestMethodWorker.run(TestMethodWorker.java:111)
	at org.testng.TestRunner.privateRun(TestRunner.java:767)
	at org.testng.TestRunner.run(TestRunner.java:617)
	at org.testng.SuiteRunner.runTest(SuiteRunner.java:334)
	at org.testng.SuiteRunner.runSequentially(SuiteRunner.java:329)
	at org.testng.SuiteRunner.privateRun(SuiteRunner.java:291)
	at org.testng.SuiteRunner.run(SuiteRunner.java:240)
	at org.testng.SuiteRunnerWorker.runSuite(SuiteRunnerWorker.java:51)
	at org.testng.SuiteRunnerWorker.run(SuiteRunnerWorker.java:85)
	at org.testng.TestNG.runSuitesSequentially(TestNG.java:1197)
	at org.testng.TestNG.runSuitesLocally(TestNG.java:1122)
	at org.testng.TestNG.run(TestNG.java:1030)
	at org.testng.remote.AbstractRemoteTestNG.run(AbstractRemoteTestNG.java:132)
	at org.testng.remote.RemoteTestNG.initAndRun(RemoteTestNG.java:236)
	at org.testng.remote.RemoteTestNG.main(RemoteTestNG.java:81)
"</b><br>com.qa.testCases.WholeLifeTest.WholeLifeApplicationTest(WholeLifeTest.java:121)<br>sun.reflect.NativeMethodAccessorImpl.invoke0(Native Method)<br>sun.reflect.NativeMethodAccessorImpl.invoke(Unknown Source)<br>sun.reflect.DelegatingMethodAccessorImpl.invoke(Unknown Source)<br>java.lang.reflect.Method.invoke(Unknown Source)<br>org.testng.internal.MethodInvocationHelper.invokeMethod(MethodInvocationHelper.java:80)<br>org.testng.internal.Invoker.invokeMethod(Invoker.java:715)<br>org.testng.internal.Invoker.invokeTestMethod(Invoker.java:907)<br>org.testng.internal.Invoker.invokeTestMethods(Invoker.java:1237)<br>org.testng.internal.TestMethodWorker.invokeTestMethods(TestMethodWorker.java:127)<br>org.testng.internal.TestMethodWorker.run(TestMethodWorker.java:111)<br>org.testng.TestRunner.privateRun(TestRunner.java:767)<br>org.testng.TestRunner.run(TestRunner.java:617)<br>org.testng.SuiteRunner.runTest(SuiteRunner.java:334)<br>org.testng.SuiteRunner.runSequentially(SuiteRunner.java:329)<br>org.testng.SuiteRunner.privateRun(SuiteRunner.java:291)<br>org.testng.SuiteRunner.run(SuiteRunner.java:240)<br>org.testng.SuiteRunnerWorker.runSuite(SuiteRunnerWorker.java:51)<br>org.testng.SuiteRunnerWorker.run(SuiteRunnerWorker.java:85)<br>org.testng.TestNG.runSuitesSequentially(TestNG.java:1197)<br>org.testng.TestNG.runSuitesLocally(TestNG.java:1122)<br>org.testng.TestNG.run(TestNG.java:1030)<br>org.testng.remote.AbstractRemoteTestNG.run(AbstractRemoteTestNG.java:132)<br>org.testng.remote.RemoteTestNG.initAndRun(RemoteTestNG.java:236)<br>org.testng.remote.RemoteTestNG.main(RemoteTestNG.java:81)<br>
</div> <!-- stack-trace -->
                </div> <!-- method-content -->
              </div> <!-- method -->
              <div class="method">
                <div class="method-content">
                  <a name="WholeLifeApplicationTest(Scn 5, No, OA_Accord_3_5484, OA_Accord_3_5484, Jenifer1, Jones, 01/01/1960, Female, Georgia, Whole L...)">
                  </a> <!-- WholeLifeApplicationTest(Scn 5, No, OA_Accord_3_5484, OA_Accord_3_5484, Jenifer1, Jones, 01/01/1960, Female, Georgia, Whole L...) -->
                  <span class="method-name">WholeLifeApplicationTest</span>
                  <span class="parameters">(Scn 5, No, OA_Accord_3_5484, OA_Accord_3_5484, Jenifer1, Jones, 01/01/1960, Female, Georgia, Whole Life, Whole Life 95, No, Yes, 6.98541236E8, USA, Indiana, Yes, Street, City, 00012-4520, USA, 10.0, 9.632587412E9, No, Proposed Insured, Yes, 2356241, Alaska, 12/06/2030, 12000, 2100, 150000, No, Aruba, No, 231546525, 06-Dec-2030, No, na, 06-Dec-2030, 5623214, na, Established Trust, Aunt, Test_First, Test_Last, 7.56339751E8, 12/6/1960, Georgia, Male, Yes, Alaska, 12/6/2030, No, 5, Yes, To Deceased Beneficiary's Child(ren), Other, TestName1, TestLastName1, Male, 987-52-3698, 20, Entity1, CorporateOfficer1, Title1, AL, Other1, Friend, TestName2, TestLastName2, Male, 987-52-3692, 30, Entity2, Other2, Other, TestName3, TestLastName3, Male, 987-52-3693, 10, Entity3, Other3, Aunt, TestName4, TestLastName4, Female, 987-52-3694, 15, Entity4, Other4, Child, TestName5, TestLastName5, Male, 987-52-3695, 25, Entity5, Other5, 50000, 2500, Yes, 1000, 40, Automatic Premium Loan/APL (if available), Other, na, Yes, No, Yes, Yes)</span>
                  <div class="stack-trace"><b>"org.testng.SkipException: Scn 5 is Skipped
	at com.qa.testCases.WholeLifeTest.WholeLifeApplicationTest(WholeLifeTest.java:121)
	at sun.reflect.NativeMethodAccessorImpl.invoke0(Native Method)
	at sun.reflect.NativeMethodAccessorImpl.invoke(Unknown Source)
	at sun.reflect.DelegatingMethodAccessorImpl.invoke(Unknown Source)
	at java.lang.reflect.Method.invoke(Unknown Source)
	at org.testng.internal.MethodInvocationHelper.invokeMethod(MethodInvocationHelper.java:80)
	at org.testng.internal.Invoker.invokeMethod(Invoker.java:715)
	at org.testng.internal.Invoker.invokeTestMethod(Invoker.java:907)
	at org.testng.internal.Invoker.invokeTestMethods(Invoker.java:1237)
	at org.testng.internal.TestMethodWorker.invokeTestMethods(TestMethodWorker.java:127)
	at org.testng.internal.TestMethodWorker.run(TestMethodWorker.java:111)
	at org.testng.TestRunner.privateRun(TestRunner.java:767)
	at org.testng.TestRunner.run(TestRunner.java:617)
	at org.testng.SuiteRunner.runTest(SuiteRunner.java:334)
	at org.testng.SuiteRunner.runSequentially(SuiteRunner.java:329)
	at org.testng.SuiteRunner.privateRun(SuiteRunner.java:291)
	at org.testng.SuiteRunner.run(SuiteRunner.java:240)
	at org.testng.SuiteRunnerWorker.runSuite(SuiteRunnerWorker.java:51)
	at org.testng.SuiteRunnerWorker.run(SuiteRunnerWorker.java:85)
	at org.testng.TestNG.runSuitesSequentially(TestNG.java:1197)
	at org.testng.TestNG.runSuitesLocally(TestNG.java:1122)
	at org.testng.TestNG.run(TestNG.java:1030)
	at org.testng.remote.AbstractRemoteTestNG.run(AbstractRemoteTestNG.java:132)
	at org.testng.remote.RemoteTestNG.initAndRun(RemoteTestNG.java:236)
	at org.testng.remote.RemoteTestNG.main(RemoteTestNG.java:81)
<br/> org.testng.SkipException: Scn 5 is Skipped
	at com.qa.testCases.WholeLifeTest.WholeLifeApplicationTest(WholeLifeTest.java:121)
	at sun.reflect.NativeMethodAccessorImpl.invoke0(Native Method)
	at sun.reflect.NativeMethodAccessorImpl.invoke(Unknown Source)
	at sun.reflect.DelegatingMethodAccessorImpl.invoke(Unknown Source)
	at java.lang.reflect.Method.invoke(Unknown Source)
	at org.testng.internal.MethodInvocationHelper.invokeMethod(MethodInvocationHelper.java:80)
	at org.testng.internal.Invoker.invokeMethod(Invoker.java:715)
	at org.testng.internal.Invoker.invokeTestMethod(Invoker.java:907)
	at org.testng.internal.Invoker.invokeTestMethods(Invoker.java:1237)
	at org.testng.internal.TestMethodWorker.invokeTestMethods(TestMethodWorker.java:127)
	at org.testng.internal.TestMethodWorker.run(TestMethodWorker.java:111)
	at org.testng.TestRunner.privateRun(TestRunner.java:767)
	at org.testng.TestRunner.run(TestRunner.java:617)
	at org.testng.SuiteRunner.runTest(SuiteRunner.java:334)
	at org.testng.SuiteRunner.runSequentially(SuiteRunner.java:329)
	at org.testng.SuiteRunner.privateRun(SuiteRunner.java:291)
	at org.testng.SuiteRunner.run(SuiteRunner.java:240)
	at org.testng.SuiteRunnerWorker.runSuite(SuiteRunnerWorker.java:51)
	at org.testng.SuiteRunnerWorker.run(SuiteRunnerWorker.java:85)
	at org.testng.TestNG.runSuitesSequentially(TestNG.java:1197)
	at org.testng.TestNG.runSuitesLocally(TestNG.java:1122)
	at org.testng.TestNG.run(TestNG.java:1030)
	at org.testng.remote.AbstractRemoteTestNG.run(AbstractRemoteTestNG.java:132)
	at org.testng.remote.RemoteTestNG.initAndRun(RemoteTestNG.java:236)
	at org.testng.remote.RemoteTestNG.main(RemoteTestNG.java:81)
"</b><br>com.qa.testCases.WholeLifeTest.WholeLifeApplicationTest(WholeLifeTest.java:121)<br>sun.reflect.NativeMethodAccessorImpl.invoke0(Native Method)<br>sun.reflect.NativeMethodAccessorImpl.invoke(Unknown Source)<br>sun.reflect.DelegatingMethodAccessorImpl.invoke(Unknown Source)<br>java.lang.reflect.Method.invoke(Unknown Source)<br>org.testng.internal.MethodInvocationHelper.invokeMethod(MethodInvocationHelper.java:80)<br>org.testng.internal.Invoker.invokeMethod(Invoker.java:715)<br>org.testng.internal.Invoker.invokeTestMethod(Invoker.java:907)<br>org.testng.internal.Invoker.invokeTestMethods(Invoker.java:1237)<br>org.testng.internal.TestMethodWorker.invokeTestMethods(TestMethodWorker.java:127)<br>org.testng.internal.TestMethodWorker.run(TestMethodWorker.java:111)<br>org.testng.TestRunner.privateRun(TestRunner.java:767)<br>org.testng.TestRunner.run(TestRunner.java:617)<br>org.testng.SuiteRunner.runTest(SuiteRunner.java:334)<br>org.testng.SuiteRunner.runSequentially(SuiteRunner.java:329)<br>org.testng.SuiteRunner.privateRun(SuiteRunner.java:291)<br>org.testng.SuiteRunner.run(SuiteRunner.java:240)<br>org.testng.SuiteRunnerWorker.runSuite(SuiteRunnerWorker.java:51)<br>org.testng.SuiteRunnerWorker.run(SuiteRunnerWorker.java:85)<br>org.testng.TestNG.runSuitesSequentially(TestNG.java:1197)<br>org.testng.TestNG.runSuitesLocally(TestNG.java:1122)<br>org.testng.TestNG.run(TestNG.java:1030)<br>org.testng.remote.AbstractRemoteTestNG.run(AbstractRemoteTestNG.java:132)<br>org.testng.remote.RemoteTestNG.initAndRun(RemoteTestNG.java:236)<br>org.testng.remote.RemoteTestNG.main(RemoteTestNG.java:81)<br>
</div> <!-- stack-trace -->
                </div> <!-- method-content -->
              </div> <!-- method -->
              <div class="method">
                <div class="method-content">
                  <a name="WholeLifeApplicationTest(Scn 2, No, OA_Accord_3_5484, OA_Accord_3_5484, Jenifer1, Jones, 01/01/1960, Female, Georgia, Whole L...)">
                  </a> <!-- WholeLifeApplicationTest(Scn 2, No, OA_Accord_3_5484, OA_Accord_3_5484, Jenifer1, Jones, 01/01/1960, Female, Georgia, Whole L...) -->
                  <span class="method-name">WholeLifeApplicationTest</span>
                  <span class="parameters">(Scn 2, No, OA_Accord_3_5484, OA_Accord_3_5484, Jenifer1, Jones, 01/01/1960, Female, Georgia, Whole Life, Whole Life 121, No, Yes, 6.98541236E8, USA, Indiana, Yes, Street, City, 00012-4520, USA, 10.0, 9.632587412E9, Yes, Proposed Insured, Yes, 2356241, Alaska, 12/06/2030, 12000, 2100, 150000, No, Aruba, No, 231546525, 06-Dec-2030, No, na, 06-Dec-2030, 5623214, na, Individual, Aunt, Test_First, Test_Last, 7.56339751E8, 12/6/1960, Georgia, Male, Yes, Alaska, 12/6/2030, No, 5, Yes, To Deceased Beneficiary's Child(ren), Other, TestName1, TestLastName1, Male, 987-52-3698, 20, Entity1, CorporateOfficer1, Title1, AL, Other1, Friend, TestName2, TestLastName2, Male, 987-52-3692, 30, Entity2, Other2, Other, TestName3, TestLastName3, Male, 987-52-3693, 10, Entity3, Other3, Aunt, TestName4, TestLastName4, Female, 987-52-3694, 15, Entity4, Other4, Child, TestName5, TestLastName5, Male, 987-52-3695, 25, Entity5, Other5, 50000, 2500, Yes, 1000, 40, Automatic Premium Loan/APL (if available), Other, na, Yes, No, Yes, Yes)</span>
                  <div class="stack-trace"><b>"org.testng.SkipException: Scn 2 is Skipped
	at com.qa.testCases.WholeLifeTest.WholeLifeApplicationTest(WholeLifeTest.java:121)
	at sun.reflect.NativeMethodAccessorImpl.invoke0(Native Method)
	at sun.reflect.NativeMethodAccessorImpl.invoke(Unknown Source)
	at sun.reflect.DelegatingMethodAccessorImpl.invoke(Unknown Source)
	at java.lang.reflect.Method.invoke(Unknown Source)
	at org.testng.internal.MethodInvocationHelper.invokeMethod(MethodInvocationHelper.java:80)
	at org.testng.internal.Invoker.invokeMethod(Invoker.java:715)
	at org.testng.internal.Invoker.invokeTestMethod(Invoker.java:907)
	at org.testng.internal.Invoker.invokeTestMethods(Invoker.java:1237)
	at org.testng.internal.TestMethodWorker.invokeTestMethods(TestMethodWorker.java:127)
	at org.testng.internal.TestMethodWorker.run(TestMethodWorker.java:111)
	at org.testng.TestRunner.privateRun(TestRunner.java:767)
	at org.testng.TestRunner.run(TestRunner.java:617)
	at org.testng.SuiteRunner.runTest(SuiteRunner.java:334)
	at org.testng.SuiteRunner.runSequentially(SuiteRunner.java:329)
	at org.testng.SuiteRunner.privateRun(SuiteRunner.java:291)
	at org.testng.SuiteRunner.run(SuiteRunner.java:240)
	at org.testng.SuiteRunnerWorker.runSuite(SuiteRunnerWorker.java:51)
	at org.testng.SuiteRunnerWorker.run(SuiteRunnerWorker.java:85)
	at org.testng.TestNG.runSuitesSequentially(TestNG.java:1197)
	at org.testng.TestNG.runSuitesLocally(TestNG.java:1122)
	at org.testng.TestNG.run(TestNG.java:1030)
	at org.testng.remote.AbstractRemoteTestNG.run(AbstractRemoteTestNG.java:132)
	at org.testng.remote.RemoteTestNG.initAndRun(RemoteTestNG.java:236)
	at org.testng.remote.RemoteTestNG.main(RemoteTestNG.java:81)
<br/> org.testng.SkipException: Scn 2 is Skipped
	at com.qa.testCases.WholeLifeTest.WholeLifeApplicationTest(WholeLifeTest.java:121)
	at sun.reflect.NativeMethodAccessorImpl.invoke0(Native Method)
	at sun.reflect.NativeMethodAccessorImpl.invoke(Unknown Source)
	at sun.reflect.DelegatingMethodAccessorImpl.invoke(Unknown Source)
	at java.lang.reflect.Method.invoke(Unknown Source)
	at org.testng.internal.MethodInvocationHelper.invokeMethod(MethodInvocationHelper.java:80)
	at org.testng.internal.Invoker.invokeMethod(Invoker.java:715)
	at org.testng.internal.Invoker.invokeTestMethod(Invoker.java:907)
	at org.testng.internal.Invoker.invokeTestMethods(Invoker.java:1237)
	at org.testng.internal.TestMethodWorker.invokeTestMethods(TestMethodWorker.java:127)
	at org.testng.internal.TestMethodWorker.run(TestMethodWorker.java:111)
	at org.testng.TestRunner.privateRun(TestRunner.java:767)
	at org.testng.TestRunner.run(TestRunner.java:617)
	at org.testng.SuiteRunner.runTest(SuiteRunner.java:334)
	at org.testng.SuiteRunner.runSequentially(SuiteRunner.java:329)
	at org.testng.SuiteRunner.privateRun(SuiteRunner.java:291)
	at org.testng.SuiteRunner.run(SuiteRunner.java:240)
	at org.testng.SuiteRunnerWorker.runSuite(SuiteRunnerWorker.java:51)
	at org.testng.SuiteRunnerWorker.run(SuiteRunnerWorker.java:85)
	at org.testng.TestNG.runSuitesSequentially(TestNG.java:1197)
	at org.testng.TestNG.runSuitesLocally(TestNG.java:1122)
	at org.testng.TestNG.run(TestNG.java:1030)
	at org.testng.remote.AbstractRemoteTestNG.run(AbstractRemoteTestNG.java:132)
	at org.testng.remote.RemoteTestNG.initAndRun(RemoteTestNG.java:236)
	at org.testng.remote.RemoteTestNG.main(RemoteTestNG.java:81)
"</b><br>com.qa.testCases.WholeLifeTest.WholeLifeApplicationTest(WholeLifeTest.java:121)<br>sun.reflect.NativeMethodAccessorImpl.invoke0(Native Method)<br>sun.reflect.NativeMethodAccessorImpl.invoke(Unknown Source)<br>sun.reflect.DelegatingMethodAccessorImpl.invoke(Unknown Source)<br>java.lang.reflect.Method.invoke(Unknown Source)<br>org.testng.internal.MethodInvocationHelper.invokeMethod(MethodInvocationHelper.java:80)<br>org.testng.internal.Invoker.invokeMethod(Invoker.java:715)<br>org.testng.internal.Invoker.invokeTestMethod(Invoker.java:907)<br>org.testng.internal.Invoker.invokeTestMethods(Invoker.java:1237)<br>org.testng.internal.TestMethodWorker.invokeTestMethods(TestMethodWorker.java:127)<br>org.testng.internal.TestMethodWorker.run(TestMethodWorker.java:111)<br>org.testng.TestRunner.privateRun(TestRunner.java:767)<br>org.testng.TestRunner.run(TestRunner.java:617)<br>org.testng.SuiteRunner.runTest(SuiteRunner.java:334)<br>org.testng.SuiteRunner.runSequentially(SuiteRunner.java:329)<br>org.testng.SuiteRunner.privateRun(SuiteRunner.java:291)<br>org.testng.SuiteRunner.run(SuiteRunner.java:240)<br>org.testng.SuiteRunnerWorker.runSuite(SuiteRunnerWorker.java:51)<br>org.testng.SuiteRunnerWorker.run(SuiteRunnerWorker.java:85)<br>org.testng.TestNG.runSuitesSequentially(TestNG.java:1197)<br>org.testng.TestNG.runSuitesLocally(TestNG.java:1122)<br>org.testng.TestNG.run(TestNG.java:1030)<br>org.testng.remote.AbstractRemoteTestNG.run(AbstractRemoteTestNG.java:132)<br>org.testng.remote.RemoteTestNG.initAndRun(RemoteTestNG.java:236)<br>org.testng.remote.RemoteTestNG.main(RemoteTestNG.java:81)<br>
</div> <!-- stack-trace -->
                </div> <!-- method-content -->
              </div> <!-- method -->
              <div class="method">
                <div class="method-content">
                  <a name="WholeLifeApplicationTest(Scn 8, No, OA_Accord_3_5484, OA_Accord_3_5484, Jenifer1, Jones, 01/01/1960, Female, Georgia, Whole L...)">
                  </a> <!-- WholeLifeApplicationTest(Scn 8, No, OA_Accord_3_5484, OA_Accord_3_5484, Jenifer1, Jones, 01/01/1960, Female, Georgia, Whole L...) -->
                  <span class="method-name">WholeLifeApplicationTest</span>
                  <span class="parameters">(Scn 8, No, OA_Accord_3_5484, OA_Accord_3_5484, Jenifer1, Jones, 01/01/1960, Female, Georgia, Whole Life, Whole Life 95, No, Yes, 6.98541236E8, USA, Indiana, Yes, Street, City, 00012-4520, USA, 10.0, 9.632587412E9, No, Proposed Insured, Yes, 2356241, Alaska, 12/06/2030, 12000, 2100, 150000, No, Aruba, No, 231546525, 06-Dec-2030, No, na, 06-Dec-2030, 5623214, na, 412, Aunt, Test_First, Test_Last, 7.56339751E8, 12/6/1960, Georgia, Male, Yes, Alaska, 12/6/2030, No, 5, Yes, To Deceased Beneficiary's Child(ren), Other, TestName1, TestLastName1, Male, 987-52-3698, 20, Entity1, CorporateOfficer1, Title1, AL, Other1, Friend, TestName2, TestLastName2, Male, 987-52-3692, 30, Entity2, Other2, Other, TestName3, TestLastName3, Male, 987-52-3693, 10, Entity3, Other3, Aunt, TestName4, TestLastName4, Female, 987-52-3694, 15, Entity4, Other4, Child, TestName5, TestLastName5, Male, 987-52-3695, 25, Entity5, Other5, 50000, 2500, Yes, 1000, 40, Automatic Premium Loan/APL (if available), Other, na, Yes, No, Yes, Yes)</span>
                  <div class="stack-trace"><b>"org.testng.SkipException: Scn 8 is Skipped
	at com.qa.testCases.WholeLifeTest.WholeLifeApplicationTest(WholeLifeTest.java:121)
	at sun.reflect.NativeMethodAccessorImpl.invoke0(Native Method)
	at sun.reflect.NativeMethodAccessorImpl.invoke(Unknown Source)
	at sun.reflect.DelegatingMethodAccessorImpl.invoke(Unknown Source)
	at java.lang.reflect.Method.invoke(Unknown Source)
	at org.testng.internal.MethodInvocationHelper.invokeMethod(MethodInvocationHelper.java:80)
	at org.testng.internal.Invoker.invokeMethod(Invoker.java:715)
	at org.testng.internal.Invoker.invokeTestMethod(Invoker.java:907)
	at org.testng.internal.Invoker.invokeTestMethods(Invoker.java:1237)
	at org.testng.internal.TestMethodWorker.invokeTestMethods(TestMethodWorker.java:127)
	at org.testng.internal.TestMethodWorker.run(TestMethodWorker.java:111)
	at org.testng.TestRunner.privateRun(TestRunner.java:767)
	at org.testng.TestRunner.run(TestRunner.java:617)
	at org.testng.SuiteRunner.runTest(SuiteRunner.java:334)
	at org.testng.SuiteRunner.runSequentially(SuiteRunner.java:329)
	at org.testng.SuiteRunner.privateRun(SuiteRunner.java:291)
	at org.testng.SuiteRunner.run(SuiteRunner.java:240)
	at org.testng.SuiteRunnerWorker.runSuite(SuiteRunnerWorker.java:51)
	at org.testng.SuiteRunnerWorker.run(SuiteRunnerWorker.java:85)
	at org.testng.TestNG.runSuitesSequentially(TestNG.java:1197)
	at org.testng.TestNG.runSuitesLocally(TestNG.java:1122)
	at org.testng.TestNG.run(TestNG.java:1030)
	at org.testng.remote.AbstractRemoteTestNG.run(AbstractRemoteTestNG.java:132)
	at org.testng.remote.RemoteTestNG.initAndRun(RemoteTestNG.java:236)
	at org.testng.remote.RemoteTestNG.main(RemoteTestNG.java:81)
<br/> org.testng.SkipException: Scn 8 is Skipped
	at com.qa.testCases.WholeLifeTest.WholeLifeApplicationTest(WholeLifeTest.java:121)
	at sun.reflect.NativeMethodAccessorImpl.invoke0(Native Method)
	at sun.reflect.NativeMethodAccessorImpl.invoke(Unknown Source)
	at sun.reflect.DelegatingMethodAccessorImpl.invoke(Unknown Source)
	at java.lang.reflect.Method.invoke(Unknown Source)
	at org.testng.internal.MethodInvocationHelper.invokeMethod(MethodInvocationHelper.java:80)
	at org.testng.internal.Invoker.invokeMethod(Invoker.java:715)
	at org.testng.internal.Invoker.invokeTestMethod(Invoker.java:907)
	at org.testng.internal.Invoker.invokeTestMethods(Invoker.java:1237)
	at org.testng.internal.TestMethodWorker.invokeTestMethods(TestMethodWorker.java:127)
	at org.testng.internal.TestMethodWorker.run(TestMethodWorker.java:111)
	at org.testng.TestRunner.privateRun(TestRunner.java:767)
	at org.testng.TestRunner.run(TestRunner.java:617)
	at org.testng.SuiteRunner.runTest(SuiteRunner.java:334)
	at org.testng.SuiteRunner.runSequentially(SuiteRunner.java:329)
	at org.testng.SuiteRunner.privateRun(SuiteRunner.java:291)
	at org.testng.SuiteRunner.run(SuiteRunner.java:240)
	at org.testng.SuiteRunnerWorker.runSuite(SuiteRunnerWorker.java:51)
	at org.testng.SuiteRunnerWorker.run(SuiteRunnerWorker.java:85)
	at org.testng.TestNG.runSuitesSequentially(TestNG.java:1197)
	at org.testng.TestNG.runSuitesLocally(TestNG.java:1122)
	at org.testng.TestNG.run(TestNG.java:1030)
	at org.testng.remote.AbstractRemoteTestNG.run(AbstractRemoteTestNG.java:132)
	at org.testng.remote.RemoteTestNG.initAndRun(RemoteTestNG.java:236)
	at org.testng.remote.RemoteTestNG.main(RemoteTestNG.java:81)
"</b><br>com.qa.testCases.WholeLifeTest.WholeLifeApplicationTest(WholeLifeTest.java:121)<br>sun.reflect.NativeMethodAccessorImpl.invoke0(Native Method)<br>sun.reflect.NativeMethodAccessorImpl.invoke(Unknown Source)<br>sun.reflect.DelegatingMethodAccessorImpl.invoke(Unknown Source)<br>java.lang.reflect.Method.invoke(Unknown Source)<br>org.testng.internal.MethodInvocationHelper.invokeMethod(MethodInvocationHelper.java:80)<br>org.testng.internal.Invoker.invokeMethod(Invoker.java:715)<br>org.testng.internal.Invoker.invokeTestMethod(Invoker.java:907)<br>org.testng.internal.Invoker.invokeTestMethods(Invoker.java:1237)<br>org.testng.internal.TestMethodWorker.invokeTestMethods(TestMethodWorker.java:127)<br>org.testng.internal.TestMethodWorker.run(TestMethodWorker.java:111)<br>org.testng.TestRunner.privateRun(TestRunner.java:767)<br>org.testng.TestRunner.run(TestRunner.java:617)<br>org.testng.SuiteRunner.runTest(SuiteRunner.java:334)<br>org.testng.SuiteRunner.runSequentially(SuiteRunner.java:329)<br>org.testng.SuiteRunner.privateRun(SuiteRunner.java:291)<br>org.testng.SuiteRunner.run(SuiteRunner.java:240)<br>org.testng.SuiteRunnerWorker.runSuite(SuiteRunnerWorker.java:51)<br>org.testng.SuiteRunnerWorker.run(SuiteRunnerWorker.java:85)<br>org.testng.TestNG.runSuitesSequentially(TestNG.java:1197)<br>org.testng.TestNG.runSuitesLocally(TestNG.java:1122)<br>org.testng.TestNG.run(TestNG.java:1030)<br>org.testng.remote.AbstractRemoteTestNG.run(AbstractRemoteTestNG.java:132)<br>org.testng.remote.RemoteTestNG.initAndRun(RemoteTestNG.java:236)<br>org.testng.remote.RemoteTestNG.main(RemoteTestNG.java:81)<br>
</div> <!-- stack-trace -->
                </div> <!-- method-content -->
              </div> <!-- method -->
              <div class="method">
                <div class="method-content">
                  <a name="WholeLifeApplicationTest(Scn 7, No, OA_Accord_3_5484, OA_Accord_3_5484, Jenifer1, Jones, 01/01/1960, Female, Georgia, Whole L...)">
                  </a> <!-- WholeLifeApplicationTest(Scn 7, No, OA_Accord_3_5484, OA_Accord_3_5484, Jenifer1, Jones, 01/01/1960, Female, Georgia, Whole L...) -->
                  <span class="method-name">WholeLifeApplicationTest</span>
                  <span class="parameters">(Scn 7, No, OA_Accord_3_5484, OA_Accord_3_5484, Jenifer1, Jones, 01/01/1960, Female, Georgia, Whole Life, Whole Life 95, No, Yes, 6.98541236E8, USA, Indiana, Yes, Street, City, 00012-4520, USA, 10.0, 9.632587412E9, No, Proposed Insured, Yes, 2356241, Alaska, 12/06/2030, 12000, 2100, 150000, No, Aruba, No, 231546525, 06-Dec-2030, No, na, 06-Dec-2030, 5623214, na, UGMA/UTMA, Aunt, Test_First, Test_Last, 7.56339751E8, 12/6/1960, Georgia, Male, Yes, Alaska, 12/6/2030, No, 5, Yes, To Deceased Beneficiary's Child(ren), Other, TestName1, TestLastName1, Male, 987-52-3698, 20, Entity1, CorporateOfficer1, Title1, AL, Other1, Friend, TestName2, TestLastName2, Male, 987-52-3692, 30, Entity2, Other2, Other, TestName3, TestLastName3, Male, 987-52-3693, 10, Entity3, Other3, Aunt, TestName4, TestLastName4, Female, 987-52-3694, 15, Entity4, Other4, Child, TestName5, TestLastName5, Male, 987-52-3695, 25, Entity5, Other5, 50000, 2500, Yes, 1000, 40, Automatic Premium Loan/APL (if available), Other, na, Yes, No, Yes, Yes)</span>
                  <div class="stack-trace"><b>"org.testng.SkipException: Scn 7 is Skipped
	at com.qa.testCases.WholeLifeTest.WholeLifeApplicationTest(WholeLifeTest.java:121)
	at sun.reflect.NativeMethodAccessorImpl.invoke0(Native Method)
	at sun.reflect.NativeMethodAccessorImpl.invoke(Unknown Source)
	at sun.reflect.DelegatingMethodAccessorImpl.invoke(Unknown Source)
	at java.lang.reflect.Method.invoke(Unknown Source)
	at org.testng.internal.MethodInvocationHelper.invokeMethod(MethodInvocationHelper.java:80)
	at org.testng.internal.Invoker.invokeMethod(Invoker.java:715)
	at org.testng.internal.Invoker.invokeTestMethod(Invoker.java:907)
	at org.testng.internal.Invoker.invokeTestMethods(Invoker.java:1237)
	at org.testng.internal.TestMethodWorker.invokeTestMethods(TestMethodWorker.java:127)
	at org.testng.internal.TestMethodWorker.run(TestMethodWorker.java:111)
	at org.testng.TestRunner.privateRun(TestRunner.java:767)
	at org.testng.TestRunner.run(TestRunner.java:617)
	at org.testng.SuiteRunner.runTest(SuiteRunner.java:334)
	at org.testng.SuiteRunner.runSequentially(SuiteRunner.java:329)
	at org.testng.SuiteRunner.privateRun(SuiteRunner.java:291)
	at org.testng.SuiteRunner.run(SuiteRunner.java:240)
	at org.testng.SuiteRunnerWorker.runSuite(SuiteRunnerWorker.java:51)
	at org.testng.SuiteRunnerWorker.run(SuiteRunnerWorker.java:85)
	at org.testng.TestNG.runSuitesSequentially(TestNG.java:1197)
	at org.testng.TestNG.runSuitesLocally(TestNG.java:1122)
	at org.testng.TestNG.run(TestNG.java:1030)
	at org.testng.remote.AbstractRemoteTestNG.run(AbstractRemoteTestNG.java:132)
	at org.testng.remote.RemoteTestNG.initAndRun(RemoteTestNG.java:236)
	at org.testng.remote.RemoteTestNG.main(RemoteTestNG.java:81)
<br/> org.testng.SkipException: Scn 7 is Skipped
	at com.qa.testCases.WholeLifeTest.WholeLifeApplicationTest(WholeLifeTest.java:121)
	at sun.reflect.NativeMethodAccessorImpl.invoke0(Native Method)
	at sun.reflect.NativeMethodAccessorImpl.invoke(Unknown Source)
	at sun.reflect.DelegatingMethodAccessorImpl.invoke(Unknown Source)
	at java.lang.reflect.Method.invoke(Unknown Source)
	at org.testng.internal.MethodInvocationHelper.invokeMethod(MethodInvocationHelper.java:80)
	at org.testng.internal.Invoker.invokeMethod(Invoker.java:715)
	at org.testng.internal.Invoker.invokeTestMethod(Invoker.java:907)
	at org.testng.internal.Invoker.invokeTestMethods(Invoker.java:1237)
	at org.testng.internal.TestMethodWorker.invokeTestMethods(TestMethodWorker.java:127)
	at org.testng.internal.TestMethodWorker.run(TestMethodWorker.java:111)
	at org.testng.TestRunner.privateRun(TestRunner.java:767)
	at org.testng.TestRunner.run(TestRunner.java:617)
	at org.testng.SuiteRunner.runTest(SuiteRunner.java:334)
	at org.testng.SuiteRunner.runSequentially(SuiteRunner.java:329)
	at org.testng.SuiteRunner.privateRun(SuiteRunner.java:291)
	at org.testng.SuiteRunner.run(SuiteRunner.java:240)
	at org.testng.SuiteRunnerWorker.runSuite(SuiteRunnerWorker.java:51)
	at org.testng.SuiteRunnerWorker.run(SuiteRunnerWorker.java:85)
	at org.testng.TestNG.runSuitesSequentially(TestNG.java:1197)
	at org.testng.TestNG.runSuitesLocally(TestNG.java:1122)
	at org.testng.TestNG.run(TestNG.java:1030)
	at org.testng.remote.AbstractRemoteTestNG.run(AbstractRemoteTestNG.java:132)
	at org.testng.remote.RemoteTestNG.initAndRun(RemoteTestNG.java:236)
	at org.testng.remote.RemoteTestNG.main(RemoteTestNG.java:81)
"</b><br>com.qa.testCases.WholeLifeTest.WholeLifeApplicationTest(WholeLifeTest.java:121)<br>sun.reflect.NativeMethodAccessorImpl.invoke0(Native Method)<br>sun.reflect.NativeMethodAccessorImpl.invoke(Unknown Source)<br>sun.reflect.DelegatingMethodAccessorImpl.invoke(Unknown Source)<br>java.lang.reflect.Method.invoke(Unknown Source)<br>org.testng.internal.MethodInvocationHelper.invokeMethod(MethodInvocationHelper.java:80)<br>org.testng.internal.Invoker.invokeMethod(Invoker.java:715)<br>org.testng.internal.Invoker.invokeTestMethod(Invoker.java:907)<br>org.testng.internal.Invoker.invokeTestMethods(Invoker.java:1237)<br>org.testng.internal.TestMethodWorker.invokeTestMethods(TestMethodWorker.java:127)<br>org.testng.internal.TestMethodWorker.run(TestMethodWorker.java:111)<br>org.testng.TestRunner.privateRun(TestRunner.java:767)<br>org.testng.TestRunner.run(TestRunner.java:617)<br>org.testng.SuiteRunner.runTest(SuiteRunner.java:334)<br>org.testng.SuiteRunner.runSequentially(SuiteRunner.java:329)<br>org.testng.SuiteRunner.privateRun(SuiteRunner.java:291)<br>org.testng.SuiteRunner.run(SuiteRunner.java:240)<br>org.testng.SuiteRunnerWorker.runSuite(SuiteRunnerWorker.java:51)<br>org.testng.SuiteRunnerWorker.run(SuiteRunnerWorker.java:85)<br>org.testng.TestNG.runSuitesSequentially(TestNG.java:1197)<br>org.testng.TestNG.runSuitesLocally(TestNG.java:1122)<br>org.testng.TestNG.run(TestNG.java:1030)<br>org.testng.remote.AbstractRemoteTestNG.run(AbstractRemoteTestNG.java:132)<br>org.testng.remote.RemoteTestNG.initAndRun(RemoteTestNG.java:236)<br>org.testng.remote.RemoteTestNG.main(RemoteTestNG.java:81)<br>
</div> <!-- stack-trace -->
                </div> <!-- method-content -->
              </div> <!-- method -->
              <div class="method">
                <div class="method-content">
                  <a name="WholeLifeApplicationTest(Scn 10, No, OA_Accord_3_5484, OA_Accord_3_5484, Jenifer1, Jones, 01/01/1960, Female, Georgia, Whole ...)">
                  </a> <!-- WholeLifeApplicationTest(Scn 10, No, OA_Accord_3_5484, OA_Accord_3_5484, Jenifer1, Jones, 01/01/1960, Female, Georgia, Whole ...) -->
                  <span class="method-name">WholeLifeApplicationTest</span>
                  <span class="parameters">(Scn 10, No, OA_Accord_3_5484, OA_Accord_3_5484, Jenifer1, Jones, 01/01/1960, Female, Georgia, Whole Life, Whole Life 95, No, Yes, 6.98541236E8, USA, Indiana, Yes, Street, City, 00012-4520, USA, 10.0, 9.632587412E9, Yes, Other, Yes, 2356241, Alaska, 12/06/2030, 12000, 2100, 150000, No, Aruba, No, 231546525, 06-Dec-2030, No, na, 06-Dec-2030, 5623214, na, Business, Aunt, Test_First, Test_Last, 7.56339751E8, 12/6/1960, Georgia, Male, Yes, Alaska, 12/6/2030, No, 5, Yes, To Deceased Beneficiary's Child(ren), Other, TestName1, TestLastName1, Male, 987-52-3698, 20, Entity1, CorporateOfficer1, Title1, AL, Other1, Friend, TestName2, TestLastName2, Male, 987-52-3692, 30, Entity2, Other2, Other, TestName3, TestLastName3, Male, 987-52-3693, 10, Entity3, Other3, Aunt, TestName4, TestLastName4, Female, 987-52-3694, 15, Entity4, Other4, Child, TestName5, TestLastName5, Male, 987-52-3695, 25, Entity5, Other5, 50000, 2500, Yes, 1000, 40, Automatic Premium Loan/APL (if available), Other, na, Yes, No, Yes, Yes)</span>
                  <div class="stack-trace"><b>"org.testng.SkipException: Scn 10 is Skipped
	at com.qa.testCases.WholeLifeTest.WholeLifeApplicationTest(WholeLifeTest.java:121)
	at sun.reflect.NativeMethodAccessorImpl.invoke0(Native Method)
	at sun.reflect.NativeMethodAccessorImpl.invoke(Unknown Source)
	at sun.reflect.DelegatingMethodAccessorImpl.invoke(Unknown Source)
	at java.lang.reflect.Method.invoke(Unknown Source)
	at org.testng.internal.MethodInvocationHelper.invokeMethod(MethodInvocationHelper.java:80)
	at org.testng.internal.Invoker.invokeMethod(Invoker.java:715)
	at org.testng.internal.Invoker.invokeTestMethod(Invoker.java:907)
	at org.testng.internal.Invoker.invokeTestMethods(Invoker.java:1237)
	at org.testng.internal.TestMethodWorker.invokeTestMethods(TestMethodWorker.java:127)
	at org.testng.internal.TestMethodWorker.run(TestMethodWorker.java:111)
	at org.testng.TestRunner.privateRun(TestRunner.java:767)
	at org.testng.TestRunner.run(TestRunner.java:617)
	at org.testng.SuiteRunner.runTest(SuiteRunner.java:334)
	at org.testng.SuiteRunner.runSequentially(SuiteRunner.java:329)
	at org.testng.SuiteRunner.privateRun(SuiteRunner.java:291)
	at org.testng.SuiteRunner.run(SuiteRunner.java:240)
	at org.testng.SuiteRunnerWorker.runSuite(SuiteRunnerWorker.java:51)
	at org.testng.SuiteRunnerWorker.run(SuiteRunnerWorker.java:85)
	at org.testng.TestNG.runSuitesSequentially(TestNG.java:1197)
	at org.testng.TestNG.runSuitesLocally(TestNG.java:1122)
	at org.testng.TestNG.run(TestNG.java:1030)
	at org.testng.remote.AbstractRemoteTestNG.run(AbstractRemoteTestNG.java:132)
	at org.testng.remote.RemoteTestNG.initAndRun(RemoteTestNG.java:236)
	at org.testng.remote.RemoteTestNG.main(RemoteTestNG.java:81)
<br/> org.testng.SkipException: Scn 10 is Skipped
	at com.qa.testCases.WholeLifeTest.WholeLifeApplicationTest(WholeLifeTest.java:121)
	at sun.reflect.NativeMethodAccessorImpl.invoke0(Native Method)
	at sun.reflect.NativeMethodAccessorImpl.invoke(Unknown Source)
	at sun.reflect.DelegatingMethodAccessorImpl.invoke(Unknown Source)
	at java.lang.reflect.Method.invoke(Unknown Source)
	at org.testng.internal.MethodInvocationHelper.invokeMethod(MethodInvocationHelper.java:80)
	at org.testng.internal.Invoker.invokeMethod(Invoker.java:715)
	at org.testng.internal.Invoker.invokeTestMethod(Invoker.java:907)
	at org.testng.internal.Invoker.invokeTestMethods(Invoker.java:1237)
	at org.testng.internal.TestMethodWorker.invokeTestMethods(TestMethodWorker.java:127)
	at org.testng.internal.TestMethodWorker.run(TestMethodWorker.java:111)
	at org.testng.TestRunner.privateRun(TestRunner.java:767)
	at org.testng.TestRunner.run(TestRunner.java:617)
	at org.testng.SuiteRunner.runTest(SuiteRunner.java:334)
	at org.testng.SuiteRunner.runSequentially(SuiteRunner.java:329)
	at org.testng.SuiteRunner.privateRun(SuiteRunner.java:291)
	at org.testng.SuiteRunner.run(SuiteRunner.java:240)
	at org.testng.SuiteRunnerWorker.runSuite(SuiteRunnerWorker.java:51)
	at org.testng.SuiteRunnerWorker.run(SuiteRunnerWorker.java:85)
	at org.testng.TestNG.runSuitesSequentially(TestNG.java:1197)
	at org.testng.TestNG.runSuitesLocally(TestNG.java:1122)
	at org.testng.TestNG.run(TestNG.java:1030)
	at org.testng.remote.AbstractRemoteTestNG.run(AbstractRemoteTestNG.java:132)
	at org.testng.remote.RemoteTestNG.initAndRun(RemoteTestNG.java:236)
	at org.testng.remote.RemoteTestNG.main(RemoteTestNG.java:81)
"</b><br>com.qa.testCases.WholeLifeTest.WholeLifeApplicationTest(WholeLifeTest.java:121)<br>sun.reflect.NativeMethodAccessorImpl.invoke0(Native Method)<br>sun.reflect.NativeMethodAccessorImpl.invoke(Unknown Source)<br>sun.reflect.DelegatingMethodAccessorImpl.invoke(Unknown Source)<br>java.lang.reflect.Method.invoke(Unknown Source)<br>org.testng.internal.MethodInvocationHelper.invokeMethod(MethodInvocationHelper.java:80)<br>org.testng.internal.Invoker.invokeMethod(Invoker.java:715)<br>org.testng.internal.Invoker.invokeTestMethod(Invoker.java:907)<br>org.testng.internal.Invoker.invokeTestMethods(Invoker.java:1237)<br>org.testng.internal.TestMethodWorker.invokeTestMethods(TestMethodWorker.java:127)<br>org.testng.internal.TestMethodWorker.run(TestMethodWorker.java:111)<br>org.testng.TestRunner.privateRun(TestRunner.java:767)<br>org.testng.TestRunner.run(TestRunner.java:617)<br>org.testng.SuiteRunner.runTest(SuiteRunner.java:334)<br>org.testng.SuiteRunner.runSequentially(SuiteRunner.java:329)<br>org.testng.SuiteRunner.privateRun(SuiteRunner.java:291)<br>org.testng.SuiteRunner.run(SuiteRunner.java:240)<br>org.testng.SuiteRunnerWorker.runSuite(SuiteRunnerWorker.java:51)<br>org.testng.SuiteRunnerWorker.run(SuiteRunnerWorker.java:85)<br>org.testng.TestNG.runSuitesSequentially(TestNG.java:1197)<br>org.testng.TestNG.runSuitesLocally(TestNG.java:1122)<br>org.testng.TestNG.run(TestNG.java:1030)<br>org.testng.remote.AbstractRemoteTestNG.run(AbstractRemoteTestNG.java:132)<br>org.testng.remote.RemoteTestNG.initAndRun(RemoteTestNG.java:236)<br>org.testng.remote.RemoteTestNG.main(RemoteTestNG.java:81)<br>
</div> <!-- stack-trace -->
                </div> <!-- method-content -->
              </div> <!-- method -->
            </div> <!-- main-panel-content rounded-window-bottom -->
          </div> <!-- suite-Default_suite-class-skipped -->
          <div class="suite-Default_suite-class-passed">
            <div class="main-panel-header rounded-window-top">
              <img src="passed.png"/>
              <span class="class-name">com.qa.testCases.WholeLifeTest</span>
            </div> <!-- main-panel-header rounded-window-top -->
            <div class="main-panel-content rounded-window-bottom">
              <div class="method">
                <div class="method-content">
                  <a name="WholeLifeApplicationTest(Scn 1, Yes, OA_Accord_3_5484, OA_Accord_3_5484, Jenifer1, Jones, 01/01/1960, Female, Georgia, Whole ...)">
                  </a> <!-- WholeLifeApplicationTest(Scn 1, Yes, OA_Accord_3_5484, OA_Accord_3_5484, Jenifer1, Jones, 01/01/1960, Female, Georgia, Whole ...) -->
                  <span class="method-name">WholeLifeApplicationTest</span>
                  <span class="parameters">(Scn 1, Yes, OA_Accord_3_5484, OA_Accord_3_5484, Jenifer1, Jones, 01/01/1960, Female, Georgia, Whole Life, Whole Life 95, Yes, Yes, 6.98541236E8, USA, Indiana, Yes, Street, City, 00012-4520, USA, 10.0, 9.632587412E9, No, Proposed Insured, Yes, 2356241, Alaska, 12/06/2030, 12000, 2100, 150000, No, Aruba, No, 231546525, 06-Dec-2030, No, na, 06-Dec-2030, 5623214, na, Individual, Aunt, Test_First, Test_Last, 7.56339751E8, 12/6/1960, Georgia, Male, Yes, Alaska, 12/6/2030, No, 5, Yes, To Deceased Beneficiary's Child(ren), Other, TestName1, TestLastName1, Male, 987-52-3698, 20, Entity1, CorporateOfficer1, Title1, AL, Other1, Friend, TestName2, TestLastName2, Male, 987-52-3692, 30, Entity2, Other2, Other, TestName3, TestLastName3, Male, 987-52-3693, 10, Entity3, Other3, Aunt, TestName4, TestLastName4, Female, 987-52-3694, 15, Entity4, Other4, Child, TestName5, TestLastName5, Male, 987-52-3695, 25, Entity5, Other5, 50000, 2500, Yes, 1000, 40, Automatic Premium Loan/APL (if available), Other, na, Yes, No, Yes, No)</span>
                </div> <!-- method-content -->
              </div> <!-- method -->
            </div> <!-- main-panel-content rounded-window-bottom -->
          </div> <!-- suite-Default_suite-class-passed -->
        </div> <!-- panel Default_suite -->
        <div panel-name="test-xml-Default_suite" class="panel">
          <div class="main-panel-header rounded-window-top">
            <span class="header-content">C:\Users\T003726\AppData\Local\Temp\testng-eclipse--1071132844\testng-customsuite.xml</span>
          </div> <!-- main-panel-header rounded-window-top -->
          <div class="main-panel-content rounded-window-bottom">
            <pre>
&lt;?xml version=&quot;1.0&quot; encoding=&quot;UTF-8&quot;?&gt;
&lt;!DOCTYPE suite SYSTEM &quot;http://testng.org/testng-1.0.dtd&quot;&gt;
&lt;suite name=&quot;Default suite&quot;&gt;
  &lt;test verbose=&quot;2&quot; name=&quot;Default test&quot; preserve-order=&quot;true&quot;&gt;
    &lt;classes&gt;
      &lt;class name=&quot;com.qa.testCases.WholeLifeTest&quot;/&gt;
    &lt;/classes&gt;
  &lt;/test&gt; &lt;!-- Default test --&gt;
&lt;/suite&gt; &lt;!-- Default suite --&gt;
            </pre>
          </div> <!-- main-panel-content rounded-window-bottom -->
        </div> <!-- panel -->
        <div panel-name="testlist-Default_suite" class="panel">
          <div class="main-panel-header rounded-window-top">
            <span class="header-content">Tests for Default suite</span>
          </div> <!-- main-panel-header rounded-window-top -->
          <div class="main-panel-content rounded-window-bottom">
            <ul>
              <li>
                <span class="test-name">Default test (1 class)</span>
              </li>
            </ul>
          </div> <!-- main-panel-content rounded-window-bottom -->
        </div> <!-- panel -->
        <div panel-name="group-Default_suite" class="panel">
          <div class="main-panel-header rounded-window-top">
            <span class="header-content">Groups for Default suite</span>
          </div> <!-- main-panel-header rounded-window-top -->
          <div class="main-panel-content rounded-window-bottom">
          </div> <!-- main-panel-content rounded-window-bottom -->
        </div> <!-- panel -->
        <div panel-name="times-Default_suite" class="panel">
          <div class="main-panel-header rounded-window-top">
            <span class="header-content">Times for Default suite</span>
          </div> <!-- main-panel-header rounded-window-top -->
          <div class="main-panel-content rounded-window-bottom">
            <div class="times-div">
              <script type="text/javascript">
suiteTableInitFunctions.push('tableData_Default_suite');
function tableData_Default_suite() {
var data = new google.visualization.DataTable();
data.addColumn('number', 'Number');
data.addColumn('string', 'Method');
data.addColumn('string', 'Class');
data.addColumn('number', 'Time (ms)');
data.addRows(11);
data.setCell(0, 0, 0)
data.setCell(0, 1, 'WholeLifeApplicationTest')
data.setCell(0, 2, 'com.qa.testCases.WholeLifeTest')
data.setCell(0, 3, 275238);
data.setCell(1, 0, 1)
data.setCell(1, 1, 'WholeLifeApplicationTest')
data.setCell(1, 2, 'com.qa.testCases.WholeLifeTest')
data.setCell(1, 3, 16);
data.setCell(2, 0, 2)
data.setCell(2, 1, 'WholeLifeApplicationTest')
data.setCell(2, 2, 'com.qa.testCases.WholeLifeTest')
data.setCell(2, 3, 16);
data.setCell(3, 0, 3)
data.setCell(3, 1, 'WholeLifeApplicationTest')
data.setCell(3, 2, 'com.qa.testCases.WholeLifeTest')
data.setCell(3, 3, 16);
data.setCell(4, 0, 4)
data.setCell(4, 1, 'WholeLifeApplicationTest')
data.setCell(4, 2, 'com.qa.testCases.WholeLifeTest')
data.setCell(4, 3, 0);
data.setCell(5, 0, 5)
data.setCell(5, 1, 'WholeLifeApplicationTest')
data.setCell(5, 2, 'com.qa.testCases.WholeLifeTest')
data.setCell(5, 3, 0);
data.setCell(6, 0, 6)
data.setCell(6, 1, 'WholeLifeApplicationTest')
data.setCell(6, 2, 'com.qa.testCases.WholeLifeTest')
data.setCell(6, 3, 0);
data.setCell(7, 0, 7)
data.setCell(7, 1, 'WholeLifeApplicationTest')
data.setCell(7, 2, 'com.qa.testCases.WholeLifeTest')
data.setCell(7, 3, 0);
data.setCell(8, 0, 8)
data.setCell(8, 1, 'WholeLifeApplicationTest')
data.setCell(8, 2, 'com.qa.testCases.WholeLifeTest')
data.setCell(8, 3, 0);
data.setCell(9, 0, 9)
data.setCell(9, 1, 'WholeLifeApplicationTest')
data.setCell(9, 2, 'com.qa.testCases.WholeLifeTest')
data.setCell(9, 3, 0);
data.setCell(10, 0, 10)
data.setCell(10, 1, 'WholeLifeApplicationTest')
data.setCell(10, 2, 'com.qa.testCases.WholeLifeTest')
data.setCell(10, 3, 0);
window.suiteTableData['Default_suite']= { tableData: data, tableDiv: 'times-div-Default_suite'}
return data;
}
              </script>
              <span class="suite-total-time">Total running time: 4 minutes</span>
              <div id="times-div-Default_suite">
              </div> <!-- times-div-Default_suite -->
            </div> <!-- times-div -->
          </div> <!-- main-panel-content rounded-window-bottom -->
        </div> <!-- panel -->
        <div panel-name="reporter-Default_suite" class="panel">
          <div class="main-panel-header rounded-window-top">
            <span class="header-content">Reporter output for Default suite</span>
          </div> <!-- main-panel-header rounded-window-top -->
          <div class="main-panel-content rounded-window-bottom">
          </div> <!-- main-panel-content rounded-window-bottom -->
        </div> <!-- panel -->
        <div panel-name="ignored-methods-Default_suite" class="panel">
          <div class="main-panel-header rounded-window-top">
            <span class="header-content">0 ignored methods</span>
          </div> <!-- main-panel-header rounded-window-top -->
          <div class="main-panel-content rounded-window-bottom">
          </div> <!-- main-panel-content rounded-window-bottom -->
        </div> <!-- panel -->
        <div panel-name="chronological-Default_suite" class="panel">
          <div class="main-panel-header rounded-window-top">
            <span class="header-content">Methods in chronological order</span>
          </div> <!-- main-panel-header rounded-window-top -->
          <div class="main-panel-content rounded-window-bottom">
            <div class="chronological-class">
              <div class="chronological-class-name">com.qa.testCases.WholeLifeTest</div> <!-- chronological-class-name -->
              <div class="configuration-suite before">
                <span class="method-name">setupSuite</span>
                <span class="method-start">0 ms</span>
              </div> <!-- configuration-suite before -->
              <div class="test-method">
                <span class="method-name">WholeLifeApplicationTest(Scn 1, Yes, OA_Accord_3_5484, OA_Accord_3_5484, Jenifer1, Jones, 01/01/1960, Female, Georgia, Whole ...)</span>
                <span class="method-start">1702 ms</span>
              </div> <!-- test-method -->
              <div class="configuration-method after">
                <span class="method-name">tearDown([TestResult: WholeLifeApplicationTest STATUS:SUCCESS METHOD:WholeLifeTest.WholeLifeApplicationTest(j...)</span>
                <span class="method-start">276940 ms</span>
              </div> <!-- configuration-method after -->
              <div class="test-method">
                <span class="method-name">WholeLifeApplicationTest(Scn 2, No, OA_Accord_3_5484, OA_Accord_3_5484, Jenifer1, Jones, 01/01/1960, Female, Georgia, Whole L...)</span>
                <span class="method-start">278634 ms</span>
              </div> <!-- test-method -->
              <div class="configuration-method after">
                <span class="method-name">tearDown([TestResult: WholeLifeApplicationTest STATUS:SKIP METHOD:WholeLifeTest.WholeLifeApplicationTest(java...)</span>
                <span class="method-start">278634 ms</span>
              </div> <!-- configuration-method after -->
              <div class="test-method">
                <span class="method-name">WholeLifeApplicationTest(Scn 3, No, OA_Accord_3_5484, OA_Accord_3_5484, Jenifer1, Jones, 01/01/1960, Female, Georgia, Whole L...)</span>
                <span class="method-start">278743 ms</span>
              </div> <!-- test-method -->
              <div class="configuration-method after">
                <span class="method-name">tearDown([TestResult: WholeLifeApplicationTest STATUS:SKIP METHOD:WholeLifeTest.WholeLifeApplicationTest(java...)</span>
                <span class="method-start">278759 ms</span>
              </div> <!-- configuration-method after -->
              <div class="test-method">
                <span class="method-name">WholeLifeApplicationTest(Scn 4, No, OA_Accord_3_5484, OA_Accord_3_5484, Jenifer1, Jones, 01/01/1960, Female, Georgia, Whole L...)</span>
                <span class="method-start">278884 ms</span>
              </div> <!-- test-method -->
              <div class="configuration-method after">
                <span class="method-name">tearDown([TestResult: WholeLifeApplicationTest STATUS:SKIP METHOD:WholeLifeTest.WholeLifeApplicationTest(java...)</span>
                <span class="method-start">278899 ms</span>
              </div> <!-- configuration-method after -->
              <div class="test-method">
                <span class="method-name">WholeLifeApplicationTest(Scn 5, No, OA_Accord_3_5484, OA_Accord_3_5484, Jenifer1, Jones, 01/01/1960, Female, Georgia, Whole L...)</span>
                <span class="method-start">278993 ms</span>
              </div> <!-- test-method -->
              <div class="configuration-method after">
                <span class="method-name">tearDown([TestResult: WholeLifeApplicationTest STATUS:SKIP METHOD:WholeLifeTest.WholeLifeApplicationTest(java...)</span>
                <span class="method-start">279009 ms</span>
              </div> <!-- configuration-method after -->
              <div class="test-method">
                <span class="method-name">WholeLifeApplicationTest(Scn 6, No, OA_Accord_3_5484, OA_Accord_3_5484, Jenifer1, Jones, 01/01/1960, Female, Georgia, Whole L...)</span>
                <span class="method-start">279133 ms</span>
              </div> <!-- test-method -->
              <div class="configuration-method after">
                <span class="method-name">tearDown([TestResult: WholeLifeApplicationTest STATUS:SKIP METHOD:WholeLifeTest.WholeLifeApplicationTest(java...)</span>
                <span class="method-start">279133 ms</span>
              </div> <!-- configuration-method after -->
              <div class="test-method">
                <span class="method-name">WholeLifeApplicationTest(Scn 7, No, OA_Accord_3_5484, OA_Accord_3_5484, Jenifer1, Jones, 01/01/1960, Female, Georgia, Whole L...)</span>
                <span class="method-start">279227 ms</span>
              </div> <!-- test-method -->
              <div class="configuration-method after">
                <span class="method-name">tearDown([TestResult: WholeLifeApplicationTest STATUS:SKIP METHOD:WholeLifeTest.WholeLifeApplicationTest(java...)</span>
                <span class="method-start">279243 ms</span>
              </div> <!-- configuration-method after -->
              <div class="test-method">
                <span class="method-name">WholeLifeApplicationTest(Scn 8, No, OA_Accord_3_5484, OA_Accord_3_5484, Jenifer1, Jones, 01/01/1960, Female, Georgia, Whole L...)</span>
                <span class="method-start">279336 ms</span>
              </div> <!-- test-method -->
              <div class="configuration-method after">
                <span class="method-name">tearDown([TestResult: WholeLifeApplicationTest STATUS:SKIP METHOD:WholeLifeTest.WholeLifeApplicationTest(java...)</span>
                <span class="method-start">279352 ms</span>
              </div> <!-- configuration-method after -->
              <div class="test-method">
                <span class="method-name">WholeLifeApplicationTest(Scn 9, No, OA_Accord_3_5484, OA_Accord_3_5484, Jenifer1, Jones, 01/01/1960, Female, Georgia, Whole L...)</span>
                <span class="method-start">279679 ms</span>
              </div> <!-- test-method -->
              <div class="configuration-method after">
                <span class="method-name">tearDown([TestResult: WholeLifeApplicationTest STATUS:SKIP METHOD:WholeLifeTest.WholeLifeApplicationTest(java...)</span>
                <span class="method-start">279695 ms</span>
              </div> <!-- configuration-method after -->
              <div class="test-method">
                <span class="method-name">WholeLifeApplicationTest(Scn 10, No, OA_Accord_3_5484, OA_Accord_3_5484, Jenifer1, Jones, 01/01/1960, Female, Georgia, Whole ...)</span>
                <span class="method-start">280147 ms</span>
              </div> <!-- test-method -->
              <div class="configuration-method after">
                <span class="method-name">tearDown([TestResult: WholeLifeApplicationTest STATUS:SKIP METHOD:WholeLifeTest.WholeLifeApplicationTest(java...)</span>
                <span class="method-start">280163 ms</span>
              </div> <!-- configuration-method after -->
              <div class="test-method">
                <span class="method-name">WholeLifeApplicationTest(Scn 11, No, OA_Accord_3_5484, OA_Accord_3_5484, Jenifer1, Jones, 01/01/1960, Female, Georgia, Whole ...)</span>
                <span class="method-start">280771 ms</span>
              </div> <!-- test-method -->
              <div class="configuration-method after">
                <span class="method-name">tearDown([TestResult: WholeLifeApplicationTest STATUS:SKIP METHOD:WholeLifeTest.WholeLifeApplicationTest(java...)</span>
                <span class="method-start">280787 ms</span>
              </div> <!-- configuration-method after -->
          </div> <!-- main-panel-content rounded-window-bottom -->
        </div> <!-- panel -->
      </div> <!-- main-panel-root -->
    </div> <!-- wrapper -->
  </body>
</html>
